<?xml version="1.0" encoding="UTF-8"?>
<!-- Generated by org.testng.reporters.JUnitReportReporter -->
<testsuite skipped="1" hostname="Nagarjuna-Y" name="com.test.automation.FMSV12_Japan.loginpage.TC012_VerfyingSubmitButtonColorCode" tests="4" failures="1" timestamp="22 Oct 2019 08:09:48 GMT" time="1.990" errors="0">
  <testcase name="verifySubmitButtonColor_BeforeClick" time="0.412" classname="com.test.automation.FMSV12_Japan.loginpage.TC012_VerfyingSubmitButtonColorCode">
    <failure type="java.lang.AssertionError" message="expected [#253a73] but found [#1d943b]">
      <![CDATA[java.lang.AssertionError: expected [#253a73] but found [#1d943b]
at org.testng.Assert.fail(Assert.java:96)
at org.testng.Assert.failNotEquals(Assert.java:776)
at org.testng.Assert.assertEqualsImpl(Assert.java:137)
at org.testng.Assert.assertEquals(Assert.java:118)
at org.testng.Assert.assertEquals(Assert.java:453)
at org.testng.Assert.assertEquals(Assert.java:463)
at com.test.automation.FMSV12_Japan.loginpage.TC012_VerfyingSubmitButtonColorCode.verifySubmitButtonColor_BeforeClick(TC012_VerfyingSubmitButtonColorCode.java:44)
at sun.reflect.NativeMethodAccessorImpl.invoke0(Native Method)
at sun.reflect.NativeMethodAccessorImpl.invoke(Unknown Source)
at sun.reflect.DelegatingMethodAccessorImpl.invoke(Unknown Source)
at java.lang.reflect.Method.invoke(Unknown Source)
at org.testng.internal.MethodInvocationHelper.invokeMethod(MethodInvocationHelper.java:124)
at org.testng.internal.Invoker.invokeMethod(Invoker.java:580)
at org.testng.internal.Invoker.retryFailed(Invoker.java:838)
at org.testng.internal.Invoker.invokeTestMethods(Invoker.java:1009)
at org.testng.internal.TestMethodWorker.invokeTestMethods(TestMethodWorker.java:125)
at org.testng.internal.TestMethodWorker.run(TestMethodWorker.java:109)
at org.testng.TestRunner.privateRun(TestRunner.java:648)
at org.testng.TestRunner.run(TestRunner.java:505)
at org.testng.SuiteRunner.runTest(SuiteRunner.java:455)
at org.testng.SuiteRunner.runSequentially(SuiteRunner.java:450)
at org.testng.SuiteRunner.privateRun(SuiteRunner.java:415)
at org.testng.SuiteRunner.run(SuiteRunner.java:364)
at org.testng.SuiteRunnerWorker.runSuite(SuiteRunnerWorker.java:52)
at org.testng.SuiteRunnerWorker.run(SuiteRunnerWorker.java:84)
at org.testng.TestNG.runSuitesSequentially(TestNG.java:1208)
at org.testng.TestNG.runSuitesLocally(TestNG.java:1137)
at org.testng.TestNG.runSuites(TestNG.java:1049)
at org.testng.TestNG.run(TestNG.java:1017)
at org.testng.remote.AbstractRemoteTestNG.run(AbstractRemoteTestNG.java:114)
at org.testng.remote.RemoteTestNG.initAndRun(RemoteTestNG.java:251)
at org.testng.remote.RemoteTestNG.main(RemoteTestNG.java:77)
]]>
    </failure>
  </testcase> <!-- verifySubmitButtonColor_BeforeClick -->
  <testcase name="verifySubmitButtonColor_AfterClick" time="0.938" classname="com.test.automation.FMSV12_Japan.loginpage.TC012_VerfyingSubmitButtonColorCode"/>
  <testcase name="VerifyRememberMe_CheckBox" time="0.253" classname="com.test.automation.FMSV12_Japan.loginpage.TC012_VerfyingSubmitButtonColorCode"/>
  <testcase name="verifySubmitButtonColor_BeforeClick" time="0.387" classname="com.test.automation.FMSV12_Japan.loginpage.TC012_VerfyingSubmitButtonColorCode">
    <skipped/>
  </testcase> <!-- verifySubmitButtonColor_BeforeClick -->
</testsuite> <!-- com.test.automation.FMSV12_Japan.loginpage.TC012_VerfyingSubmitButtonColorCode -->
