<?xml version="1.0" encoding="UTF-8"?>
<!-- Generated by org.testng.reporters.JUnitReportReporter -->
<testsuite skipped="0" hostname="Nagarjuna-Y" name="com.test.automation.FMSV12_Japan.dashboard.TC107_VerifyingDashboardVehicleStatus" tests="12" failures="2" timestamp="04 Dec 2019 12:29:16 GMT" time="396.671" errors="4">
  <testcase name="a_verifyDashboardVehicleStatus" time="71.453" classname="com.test.automation.FMSV12_Japan.dashboard.TC107_VerifyingDashboardVehicleStatus">
    <failure type="java.lang.AssertionError" message="expected [所有車両追跡ー車両ステータス] but found [Fleet Tracking Vehicle Status]">
      <![CDATA[java.lang.AssertionError: expected [所有車両追跡ー車両ステータス] but found [Fleet Tracking Vehicle Status]
at org.testng.Assert.fail(Assert.java:96)
at org.testng.Assert.failNotEquals(Assert.java:776)
at org.testng.Assert.assertEqualsImpl(Assert.java:137)
at org.testng.Assert.assertEquals(Assert.java:118)
at org.testng.Assert.assertEquals(Assert.java:453)
at org.testng.Assert.assertEquals(Assert.java:463)
at com.test.automation.FMSV12_Japan.uiActions.DashBoard_VehicleStatus.VerifyVehicleStatusWindowText(DashBoard_VehicleStatus.java:76)
at com.test.automation.FMSV12_Japan.dashboard.TC107_VerifyingDashboardVehicleStatus.a_verifyDashboardVehicleStatus(TC107_VerifyingDashboardVehicleStatus.java:48)
at sun.reflect.NativeMethodAccessorImpl.invoke0(Native Method)
at sun.reflect.NativeMethodAccessorImpl.invoke(Unknown Source)
at sun.reflect.DelegatingMethodAccessorImpl.invoke(Unknown Source)
at java.lang.reflect.Method.invoke(Unknown Source)
at org.testng.internal.MethodInvocationHelper.invokeMethod(MethodInvocationHelper.java:124)
at org.testng.internal.Invoker.invokeMethod(Invoker.java:580)
at org.testng.internal.Invoker.invokeTestMethod(Invoker.java:716)
at org.testng.internal.Invoker.invokeTestMethods(Invoker.java:988)
at org.testng.internal.TestMethodWorker.invokeTestMethods(TestMethodWorker.java:125)
at org.testng.internal.TestMethodWorker.run(TestMethodWorker.java:109)
at org.testng.TestRunner.privateRun(TestRunner.java:648)
at org.testng.TestRunner.run(TestRunner.java:505)
at org.testng.SuiteRunner.runTest(SuiteRunner.java:455)
at org.testng.SuiteRunner.runSequentially(SuiteRunner.java:450)
at org.testng.SuiteRunner.privateRun(SuiteRunner.java:415)
at org.testng.SuiteRunner.run(SuiteRunner.java:364)
at org.testng.SuiteRunnerWorker.runSuite(SuiteRunnerWorker.java:52)
at org.testng.SuiteRunnerWorker.run(SuiteRunnerWorker.java:84)
at org.testng.TestNG.runSuitesSequentially(TestNG.java:1208)
at org.testng.TestNG.runSuitesLocally(TestNG.java:1137)
at org.testng.TestNG.runSuites(TestNG.java:1049)
at org.testng.TestNG.run(TestNG.java:1017)
at org.testng.remote.AbstractRemoteTestNG.run(AbstractRemoteTestNG.java:114)
at org.testng.remote.RemoteTestNG.initAndRun(RemoteTestNG.java:251)
at org.testng.remote.RemoteTestNG.main(RemoteTestNG.java:77)
]]>
    </failure>
  </testcase> <!-- a_verifyDashboardVehicleStatus -->
  <testcase name="b_verifyDashboardMapWindow" time="0.312" classname="com.test.automation.FMSV12_Japan.dashboard.TC107_VerifyingDashboardVehicleStatus">
    <error type="org.openqa.selenium.ElementClickInterceptedException" message="Element not clickable at point (1191,908). Other element would receive the click: &lt;div class=&quot;modal fade in&quot; id=&quot;form_modal13&quot; role=&quot;dialog&quot; aria-hidden=&quot;false&quot; style=&quot;display: block;&quot;&gt;
    &lt;div class=&quot;modal-dialog&quot;&gt;
        &lt;div class=&quot;modal-content&quot; style=&quot;left: 341px; right: 100px;&quot;&gt;
            &lt;div class=&quot;modal-header&quot;&gt;
                &lt;button class=&quot;close&quot; aria-hidden=&quot;true&quot; type=&quot;button&quot; data-dismiss=&quot;modal&quot;&gt;
                &lt;/button&gt;
                &lt;h4 class=&quot;modal-title&quot;&gt;
                    &lt;span class=&quot;Tahomafamily&quot; data-txtcontent=&quot;lastDownloadStatus&quot;&gt;Last Download Status&lt;/span&gt;&lt;/h4&gt;
            &lt;/div&gt;
            &lt;div class=&quot;modal-header&quot;&gt;
                &lt;span class=&quot;modal-title&quot; style=&quot;font-size: 10pt;&quot; data-txtcontent=&quot;VehicleNo&quot;&gt;Vehicle No&lt;/span&gt; &lt;span class=&quot;modal-title&quot; id=&quot;VivehicleNo&quot; style=&quot;font-size: 10pt;&quot;&gt;MEIKO-300&lt;/span&gt;
            &lt;/div&gt;
            &lt;div class=&quot;modal-body&quot;&gt;
                &lt;form class=&quot;form-horizontal form-row-seperated&quot; id=&quot;videodownloadform&quot;&gt;
                
                &lt;div class=&quot;form-group&quot;&gt;
                    &lt;div class=&quot;col-md-12&quot;&gt;
                        &lt;table class=&quot;table table-striped table-bordered table-advance table-hover&quot;&gt;
                            &lt;thead&gt;
                                &lt;tr&gt;&lt;th&gt;
                                    &lt;span class=&quot;Tahomafamily&quot; data-txtcontent=&quot;From&quot;&gt;From Date&lt;/span&gt;
                                &lt;/th&gt;
                                &lt;th&gt;
                                    &lt;span class=&quot;Tahomafamily&quot; data-txtcontent=&quot;To&quot;&gt;To&lt;/span&gt;
                                &lt;/th&gt;
                                &lt;th&gt;
                                    &lt;span class=&quot;Tahomafamily&quot; data-txtcontent=&quot;ChannelNo&quot;&gt;Channel No&lt;/span&gt;
                                &lt;/th&gt;
                                &lt;th&gt;
                                    &lt;span class=&quot;Tahomafamily&quot; data-txtcontent=&quot;DurationS&quot;&gt;Duration(secs)&lt;/span&gt;
                                &lt;/th&gt;
                                &lt;th&gt;
                                    &lt;span class=&quot;Tahomafamily&quot; data-txtcontent=&quot;Status&quot;&gt;Status&lt;/span&gt;
                                &lt;/th&gt;
                                &lt;th&gt;
                                    &lt;span class=&quot;Tahomafamily&quot; data-txtcontent=&quot;Action&quot;&gt;Action&lt;/span&gt;
                                &lt;/th&gt;
                            &lt;/tr&gt;&lt;/thead&gt;
                            &lt;tbody id=&quot;tblDownloadVideo&quot;&gt;&lt;tr&gt;&lt;td&gt;03/12/2019 17:24:31&lt;/td&gt;&lt;td&gt;03/12/2019 17:24:51&lt;/td&gt;&lt;td&gt;2&lt;/td&gt;&lt;td&gt;20&lt;/td&gt;&lt;td&gt;&lt;span data-txtcontent=&quot;Queue&quot;&gt;Queue&lt;/span&gt;&lt;/td&gt;&lt;td&gt;&lt;/td&gt;&lt;/tr&gt;&lt;tr&gt;&lt;td&gt;03/12/2019 17:24:31&lt;/td&gt;&lt;td&gt;03/12/2019 17:24:51&lt;/td&gt;&lt;td&gt;1&lt;/td&gt;&lt;td&gt;20&lt;/td&gt;&lt;td&gt;&lt;span data-txtcontent=&quot;Processing&quot;&gt;Processing&lt;/span&gt;&lt;/td&gt;&lt;td&gt;&lt;/td&gt;&lt;/tr&gt;&lt;/tbody&gt;
                        &lt;/table&gt;
                    &lt;/div&gt;
                &lt;/div&gt;
                &lt;/form&gt;
            &lt;/div&gt;
        &lt;/div&gt;
    &lt;/div&gt;
&lt;/div&gt;
Build info: version: &#039;3.12.0&#039;, revision: &#039;7c6e0b3&#039;, time: &#039;2018-05-08T14:04:26.12Z&#039;
System info: host: &#039;NAGARJUNA-Y&#039;, ip: &#039;192.168.167.149&#039;, os.name: &#039;Windows 8.1&#039;, os.arch: &#039;amd64&#039;, os.version: &#039;6.3&#039;, java.version: &#039;1.8.0_171&#039;
Driver info: org.openqa.selenium.ie.InternetExplorerDriver
Capabilities {acceptInsecureCerts: false, browserName: internet explorer, browserVersion: 11, javascriptEnabled: true, pageLoadStrategy: normal, platform: WINDOWS, platformName: WINDOWS, proxy: Proxy(), se:ieOptions: {browserAttachTimeout: 0, elementScrollBehavior: 0, enablePersistentHover: true, ie.browserCommandLineSwitches: , ie.ensureCleanSession: false, ie.fileUploadDialogTimeout: 3000, ie.forceCreateProcessApi: false, ignoreProtectedModeSettings: false, ignoreZoomSetting: false, initialBrowserUrl: http://localhost:4933/, nativeEvents: true, requireWindowFocus: false}, setWindowRect: true, timeouts: {implicit: 0, pageLoad: 300000, script: 30000}}
Session ID: 5beb86d6-20de-4a53-a666-8fb6a19ce3f4">
      <![CDATA[org.openqa.selenium.ElementClickInterceptedException: Element not clickable at point (1191,908). Other element would receive the click: <div class="modal fade in" id="form_modal13" role="dialog" aria-hidden="false" style="display: block;">
    <div class="modal-dialog">
        <div class="modal-content" style="left: 341px; right: 100px;">
            <div class="modal-header">
                <button class="close" aria-hidden="true" type="button" data-dismiss="modal">
                </button>
                <h4 class="modal-title">
                    <span class="Tahomafamily" data-txtcontent="lastDownloadStatus">Last Download Status</span></h4>
            </div>
            <div class="modal-header">
                <span class="modal-title" style="font-size: 10pt;" data-txtcontent="VehicleNo">Vehicle No</span> <span class="modal-title" id="VivehicleNo" style="font-size: 10pt;">MEIKO-300</span>
            </div>
            <div class="modal-body">
                <form class="form-horizontal form-row-seperated" id="videodownloadform">
                
                <div class="form-group">
                    <div class="col-md-12">
                        <table class="table table-striped table-bordered table-advance table-hover">
                            <thead>
                                <tr><th>
                                    <span class="Tahomafamily" data-txtcontent="From">From Date</span>
                                </th>
                                <th>
                                    <span class="Tahomafamily" data-txtcontent="To">To</span>
                                </th>
                                <th>
                                    <span class="Tahomafamily" data-txtcontent="ChannelNo">Channel No</span>
                                </th>
                                <th>
                                    <span class="Tahomafamily" data-txtcontent="DurationS">Duration(secs)</span>
                                </th>
                                <th>
                                    <span class="Tahomafamily" data-txtcontent="Status">Status</span>
                                </th>
                                <th>
                                    <span class="Tahomafamily" data-txtcontent="Action">Action</span>
                                </th>
                            </tr></thead>
                            <tbody id="tblDownloadVideo"><tr><td>03/12/2019 17:24:31</td><td>03/12/2019 17:24:51</td><td>2</td><td>20</td><td><span data-txtcontent="Queue">Queue</span></td><td></td></tr><tr><td>03/12/2019 17:24:31</td><td>03/12/2019 17:24:51</td><td>1</td><td>20</td><td><span data-txtcontent="Processing">Processing</span></td><td></td></tr></tbody>
                        </table>
                    </div>
                </div>
                </form>
            </div>
        </div>
    </div>
</div>
Build info: version: '3.12.0', revision: '7c6e0b3', time: '2018-05-08T14:04:26.12Z'
System info: host: 'NAGARJUNA-Y', ip: '192.168.167.149', os.name: 'Windows 8.1', os.arch: 'amd64', os.version: '6.3', java.version: '1.8.0_171'
Driver info: org.openqa.selenium.ie.InternetExplorerDriver
Capabilities {acceptInsecureCerts: false, browserName: internet explorer, browserVersion: 11, javascriptEnabled: true, pageLoadStrategy: normal, platform: WINDOWS, platformName: WINDOWS, proxy: Proxy(), se:ieOptions: {browserAttachTimeout: 0, elementScrollBehavior: 0, enablePersistentHover: true, ie.browserCommandLineSwitches: , ie.ensureCleanSession: false, ie.fileUploadDialogTimeout: 3000, ie.forceCreateProcessApi: false, ignoreProtectedModeSettings: false, ignoreZoomSetting: false, initialBrowserUrl: http://localhost:4933/, nativeEvents: true, requireWindowFocus: false}, setWindowRect: true, timeouts: {implicit: 0, pageLoad: 300000, script: 30000}}
Session ID: 5beb86d6-20de-4a53-a666-8fb6a19ce3f4
at sun.reflect.NativeConstructorAccessorImpl.newInstance0(Native Method)
at sun.reflect.NativeConstructorAccessorImpl.newInstance(Unknown Source)
at sun.reflect.DelegatingConstructorAccessorImpl.newInstance(Unknown Source)
at java.lang.reflect.Constructor.newInstance(Unknown Source)
at org.openqa.selenium.remote.http.W3CHttpResponseCodec.createException(W3CHttpResponseCodec.java:187)
at org.openqa.selenium.remote.http.W3CHttpResponseCodec.decode(W3CHttpResponseCodec.java:122)
at org.openqa.selenium.remote.http.W3CHttpResponseCodec.decode(W3CHttpResponseCodec.java:49)
at org.openqa.selenium.remote.HttpCommandExecutor.execute(HttpCommandExecutor.java:158)
at org.openqa.selenium.remote.service.DriverCommandExecutor.execute(DriverCommandExecutor.java:83)
at org.openqa.selenium.remote.RemoteWebDriver.execute(RemoteWebDriver.java:543)
at org.openqa.selenium.remote.RemoteWebElement.execute(RemoteWebElement.java:276)
at org.openqa.selenium.remote.RemoteWebElement.click(RemoteWebElement.java:83)
at sun.reflect.GeneratedMethodAccessor77.invoke(Unknown Source)
at sun.reflect.DelegatingMethodAccessorImpl.invoke(Unknown Source)
at java.lang.reflect.Method.invoke(Unknown Source)
at org.openqa.selenium.support.pagefactory.internal.LocatingElementHandler.invoke(LocatingElementHandler.java:51)
at com.sun.proxy.$Proxy22.click(Unknown Source)
at com.test.automation.FMSV12_Japan.uiActions.DashBoard_VehicleStatus.VerifyMapIt(DashBoard_VehicleStatus.java:116)
at com.test.automation.FMSV12_Japan.dashboard.TC107_VerifyingDashboardVehicleStatus.b_verifyDashboardMapWindow(TC107_VerifyingDashboardVehicleStatus.java:64)
at sun.reflect.NativeMethodAccessorImpl.invoke0(Native Method)
at sun.reflect.NativeMethodAccessorImpl.invoke(Unknown Source)
at sun.reflect.DelegatingMethodAccessorImpl.invoke(Unknown Source)
at java.lang.reflect.Method.invoke(Unknown Source)
at org.testng.internal.MethodInvocationHelper.invokeMethod(MethodInvocationHelper.java:124)
at org.testng.internal.Invoker.invokeMethod(Invoker.java:580)
at org.testng.internal.Invoker.invokeTestMethod(Invoker.java:716)
at org.testng.internal.Invoker.invokeTestMethods(Invoker.java:988)
at org.testng.internal.TestMethodWorker.invokeTestMethods(TestMethodWorker.java:125)
at org.testng.internal.TestMethodWorker.run(TestMethodWorker.java:109)
at org.testng.TestRunner.privateRun(TestRunner.java:648)
at org.testng.TestRunner.run(TestRunner.java:505)
at org.testng.SuiteRunner.runTest(SuiteRunner.java:455)
at org.testng.SuiteRunner.runSequentially(SuiteRunner.java:450)
at org.testng.SuiteRunner.privateRun(SuiteRunner.java:415)
at org.testng.SuiteRunner.run(SuiteRunner.java:364)
at org.testng.SuiteRunnerWorker.runSuite(SuiteRunnerWorker.java:52)
at org.testng.SuiteRunnerWorker.run(SuiteRunnerWorker.java:84)
at org.testng.TestNG.runSuitesSequentially(TestNG.java:1208)
at org.testng.TestNG.runSuitesLocally(TestNG.java:1137)
at org.testng.TestNG.runSuites(TestNG.java:1049)
at org.testng.TestNG.run(TestNG.java:1017)
at org.testng.remote.AbstractRemoteTestNG.run(AbstractRemoteTestNG.java:114)
at org.testng.remote.RemoteTestNG.initAndRun(RemoteTestNG.java:251)
at org.testng.remote.RemoteTestNG.main(RemoteTestNG.java:77)
]]>
    </error>
  </testcase> <!-- b_verifyDashboardMapWindow -->
  <testcase name="b_verifyDashboardMapWindow" time="1.071" classname="com.test.automation.FMSV12_Japan.dashboard.TC107_VerifyingDashboardVehicleStatus"/>
  <testcase name="c_verifyDashboardVideoWindow" time="60.383" classname="com.test.automation.FMSV12_Japan.dashboard.TC107_VerifyingDashboardVehicleStatus">
    <error type="org.openqa.selenium.NoSuchElementException" message="Unable to find element with css selector == #tblDSW &gt; tbody &gt; tr.odd &gt; td:nth-child(13) &gt; a
For documentation on this error, please visit: http://seleniumhq.org/exceptions/no_such_element.html
Build info: version: &#039;3.12.0&#039;, revision: &#039;7c6e0b3&#039;, time: &#039;2018-05-08T14:04:26.12Z&#039;
System info: host: &#039;NAGARJUNA-Y&#039;, ip: &#039;192.168.167.149&#039;, os.name: &#039;Windows 8.1&#039;, os.arch: &#039;amd64&#039;, os.version: &#039;6.3&#039;, java.version: &#039;1.8.0_171&#039;
Driver info: org.openqa.selenium.ie.InternetExplorerDriver
Capabilities {acceptInsecureCerts: false, browserName: internet explorer, browserVersion: 11, javascriptEnabled: true, pageLoadStrategy: normal, platform: WINDOWS, platformName: WINDOWS, proxy: Proxy(), se:ieOptions: {browserAttachTimeout: 0, elementScrollBehavior: 0, enablePersistentHover: true, ie.browserCommandLineSwitches: , ie.ensureCleanSession: false, ie.fileUploadDialogTimeout: 3000, ie.forceCreateProcessApi: false, ignoreProtectedModeSettings: false, ignoreZoomSetting: false, initialBrowserUrl: http://localhost:4933/, nativeEvents: true, requireWindowFocus: false}, setWindowRect: true, timeouts: {implicit: 0, pageLoad: 300000, script: 30000}}
Session ID: 5beb86d6-20de-4a53-a666-8fb6a19ce3f4
*** Element info: {Using=css selector, value=#tblDSW &gt; tbody &gt; tr.odd &gt; td:nth-child(13) &gt; a}">
      <![CDATA[org.openqa.selenium.NoSuchElementException: Unable to find element with css selector == #tblDSW > tbody > tr.odd > td:nth-child(13) > a
For documentation on this error, please visit: http://seleniumhq.org/exceptions/no_such_element.html
Build info: version: '3.12.0', revision: '7c6e0b3', time: '2018-05-08T14:04:26.12Z'
System info: host: 'NAGARJUNA-Y', ip: '192.168.167.149', os.name: 'Windows 8.1', os.arch: 'amd64', os.version: '6.3', java.version: '1.8.0_171'
Driver info: org.openqa.selenium.ie.InternetExplorerDriver
Capabilities {acceptInsecureCerts: false, browserName: internet explorer, browserVersion: 11, javascriptEnabled: true, pageLoadStrategy: normal, platform: WINDOWS, platformName: WINDOWS, proxy: Proxy(), se:ieOptions: {browserAttachTimeout: 0, elementScrollBehavior: 0, enablePersistentHover: true, ie.browserCommandLineSwitches: , ie.ensureCleanSession: false, ie.fileUploadDialogTimeout: 3000, ie.forceCreateProcessApi: false, ignoreProtectedModeSettings: false, ignoreZoomSetting: false, initialBrowserUrl: http://localhost:4933/, nativeEvents: true, requireWindowFocus: false}, setWindowRect: true, timeouts: {implicit: 0, pageLoad: 300000, script: 30000}}
Session ID: 5beb86d6-20de-4a53-a666-8fb6a19ce3f4
*** Element info: {Using=css selector, value=#tblDSW > tbody > tr.odd > td:nth-child(13) > a}
at sun.reflect.GeneratedConstructorAccessor75.newInstance(Unknown Source)
at sun.reflect.DelegatingConstructorAccessorImpl.newInstance(Unknown Source)
at java.lang.reflect.Constructor.newInstance(Unknown Source)
at org.openqa.selenium.remote.http.W3CHttpResponseCodec.createException(W3CHttpResponseCodec.java:187)
at org.openqa.selenium.remote.http.W3CHttpResponseCodec.decode(W3CHttpResponseCodec.java:122)
at org.openqa.selenium.remote.http.W3CHttpResponseCodec.decode(W3CHttpResponseCodec.java:49)
at org.openqa.selenium.remote.HttpCommandExecutor.execute(HttpCommandExecutor.java:158)
at org.openqa.selenium.remote.service.DriverCommandExecutor.execute(DriverCommandExecutor.java:83)
at org.openqa.selenium.remote.RemoteWebDriver.execute(RemoteWebDriver.java:543)
at org.openqa.selenium.remote.RemoteWebDriver.findElement(RemoteWebDriver.java:317)
at org.openqa.selenium.remote.RemoteWebDriver.findElementByCssSelector(RemoteWebDriver.java:411)
at org.openqa.selenium.By$ByCssSelector.findElement(By.java:431)
at org.openqa.selenium.remote.RemoteWebDriver.findElement(RemoteWebDriver.java:309)
at org.openqa.selenium.support.pagefactory.DefaultElementLocator.findElement(DefaultElementLocator.java:69)
at org.openqa.selenium.support.pagefactory.internal.LocatingElementHandler.invoke(LocatingElementHandler.java:38)
at com.sun.proxy.$Proxy22.isEnabled(Unknown Source)
at com.test.automation.FMSV12_Japan.uiActions.DashBoard_VehicleStatus.VerifyLiveVideo(DashBoard_VehicleStatus.java:129)
at com.test.automation.FMSV12_Japan.dashboard.TC107_VerifyingDashboardVehicleStatus.c_verifyDashboardVideoWindow(TC107_VerifyingDashboardVehicleStatus.java:70)
at sun.reflect.NativeMethodAccessorImpl.invoke0(Native Method)
at sun.reflect.NativeMethodAccessorImpl.invoke(Unknown Source)
at sun.reflect.DelegatingMethodAccessorImpl.invoke(Unknown Source)
at java.lang.reflect.Method.invoke(Unknown Source)
at org.testng.internal.MethodInvocationHelper.invokeMethod(MethodInvocationHelper.java:124)
at org.testng.internal.Invoker.invokeMethod(Invoker.java:580)
at org.testng.internal.Invoker.invokeTestMethod(Invoker.java:716)
at org.testng.internal.Invoker.invokeTestMethods(Invoker.java:988)
at org.testng.internal.TestMethodWorker.invokeTestMethods(TestMethodWorker.java:125)
at org.testng.internal.TestMethodWorker.run(TestMethodWorker.java:109)
at org.testng.TestRunner.privateRun(TestRunner.java:648)
at org.testng.TestRunner.run(TestRunner.java:505)
at org.testng.SuiteRunner.runTest(SuiteRunner.java:455)
at org.testng.SuiteRunner.runSequentially(SuiteRunner.java:450)
at org.testng.SuiteRunner.privateRun(SuiteRunner.java:415)
at org.testng.SuiteRunner.run(SuiteRunner.java:364)
at org.testng.SuiteRunnerWorker.runSuite(SuiteRunnerWorker.java:52)
at org.testng.SuiteRunnerWorker.run(SuiteRunnerWorker.java:84)
at org.testng.TestNG.runSuitesSequentially(TestNG.java:1208)
at org.testng.TestNG.runSuitesLocally(TestNG.java:1137)
at org.testng.TestNG.runSuites(TestNG.java:1049)
at org.testng.TestNG.run(TestNG.java:1017)
at org.testng.remote.AbstractRemoteTestNG.run(AbstractRemoteTestNG.java:114)
at org.testng.remote.RemoteTestNG.initAndRun(RemoteTestNG.java:251)
at org.testng.remote.RemoteTestNG.main(RemoteTestNG.java:77)
]]>
    </error>
  </testcase> <!-- c_verifyDashboardVideoWindow -->
  <testcase name="c_verifyDashboardVideoWindow" time="60.278" classname="com.test.automation.FMSV12_Japan.dashboard.TC107_VerifyingDashboardVehicleStatus">
    <error type="org.openqa.selenium.NoSuchElementException" message="Unable to locate element: #tblDSW &gt; tbody &gt; tr.odd &gt; td:nth-child(13) &gt; a
For documentation on this error, please visit: http://seleniumhq.org/exceptions/no_such_element.html
Build info: version: &#039;3.12.0&#039;, revision: &#039;7c6e0b3&#039;, time: &#039;2018-05-08T14:04:26.12Z&#039;
System info: host: &#039;NAGARJUNA-Y&#039;, ip: &#039;192.168.167.149&#039;, os.name: &#039;Windows 8.1&#039;, os.arch: &#039;amd64&#039;, os.version: &#039;6.3&#039;, java.version: &#039;1.8.0_171&#039;
Driver info: org.openqa.selenium.firefox.FirefoxDriver
Capabilities {acceptInsecureCerts: true, browserName: firefox, browserVersion: 71.0, javascriptEnabled: true, moz:accessibilityChecks: false, moz:buildID: 20191031113544, moz:geckodriverVersion: 0.24.0, moz:headless: false, moz:processID: 51720, moz:profile: C:\Users\nagarjuna\AppData\..., moz:shutdownTimeout: 60000, moz:useNonSpecCompliantPointerOrigin: false, moz:webdriverClick: true, pageLoadStrategy: normal, platform: WINDOWS, platformName: WINDOWS, platformVersion: 6.3, rotatable: false, setWindowRect: true, strictFileInteractability: false, timeouts: {implicit: 0, pageLoad: 300000, script: 30000}, unhandledPromptBehavior: ignore}
Session ID: be781191-9f9e-4924-aa61-ea165a55d0db
*** Element info: {Using=css selector, value=#tblDSW &gt; tbody &gt; tr.odd &gt; td:nth-child(13) &gt; a}">
      <![CDATA[org.openqa.selenium.NoSuchElementException: Unable to locate element: #tblDSW > tbody > tr.odd > td:nth-child(13) > a
For documentation on this error, please visit: http://seleniumhq.org/exceptions/no_such_element.html
Build info: version: '3.12.0', revision: '7c6e0b3', time: '2018-05-08T14:04:26.12Z'
System info: host: 'NAGARJUNA-Y', ip: '192.168.167.149', os.name: 'Windows 8.1', os.arch: 'amd64', os.version: '6.3', java.version: '1.8.0_171'
Driver info: org.openqa.selenium.firefox.FirefoxDriver
Capabilities {acceptInsecureCerts: true, browserName: firefox, browserVersion: 71.0, javascriptEnabled: true, moz:accessibilityChecks: false, moz:buildID: 20191031113544, moz:geckodriverVersion: 0.24.0, moz:headless: false, moz:processID: 51720, moz:profile: C:\Users\nagarjuna\AppData\..., moz:shutdownTimeout: 60000, moz:useNonSpecCompliantPointerOrigin: false, moz:webdriverClick: true, pageLoadStrategy: normal, platform: WINDOWS, platformName: WINDOWS, platformVersion: 6.3, rotatable: false, setWindowRect: true, strictFileInteractability: false, timeouts: {implicit: 0, pageLoad: 300000, script: 30000}, unhandledPromptBehavior: ignore}
Session ID: be781191-9f9e-4924-aa61-ea165a55d0db
*** Element info: {Using=css selector, value=#tblDSW > tbody > tr.odd > td:nth-child(13) > a}
at sun.reflect.NativeConstructorAccessorImpl.newInstance0(Native Method)
at sun.reflect.NativeConstructorAccessorImpl.newInstance(Unknown Source)
at sun.reflect.DelegatingConstructorAccessorImpl.newInstance(Unknown Source)
at java.lang.reflect.Constructor.newInstance(Unknown Source)
at org.openqa.selenium.remote.http.W3CHttpResponseCodec.createException(W3CHttpResponseCodec.java:187)
at org.openqa.selenium.remote.http.W3CHttpResponseCodec.decode(W3CHttpResponseCodec.java:122)
at org.openqa.selenium.remote.http.W3CHttpResponseCodec.decode(W3CHttpResponseCodec.java:49)
at org.openqa.selenium.remote.HttpCommandExecutor.execute(HttpCommandExecutor.java:158)
at org.openqa.selenium.remote.service.DriverCommandExecutor.execute(DriverCommandExecutor.java:83)
at org.openqa.selenium.remote.RemoteWebDriver.execute(RemoteWebDriver.java:543)
at org.openqa.selenium.remote.RemoteWebDriver.findElement(RemoteWebDriver.java:317)
at org.openqa.selenium.remote.RemoteWebDriver.findElementByCssSelector(RemoteWebDriver.java:411)
at org.openqa.selenium.By$ByCssSelector.findElement(By.java:431)
at org.openqa.selenium.remote.RemoteWebDriver.findElement(RemoteWebDriver.java:309)
at org.openqa.selenium.support.pagefactory.DefaultElementLocator.findElement(DefaultElementLocator.java:69)
at org.openqa.selenium.support.pagefactory.internal.LocatingElementHandler.invoke(LocatingElementHandler.java:38)
at com.sun.proxy.$Proxy22.isEnabled(Unknown Source)
at com.test.automation.FMSV12_Japan.uiActions.DashBoard_VehicleStatus.VerifyLiveVideo(DashBoard_VehicleStatus.java:129)
at com.test.automation.FMSV12_Japan.dashboard.TC107_VerifyingDashboardVehicleStatus.c_verifyDashboardVideoWindow(TC107_VerifyingDashboardVehicleStatus.java:70)
at sun.reflect.NativeMethodAccessorImpl.invoke0(Native Method)
at sun.reflect.NativeMethodAccessorImpl.invoke(Unknown Source)
at sun.reflect.DelegatingMethodAccessorImpl.invoke(Unknown Source)
at java.lang.reflect.Method.invoke(Unknown Source)
at org.testng.internal.MethodInvocationHelper.invokeMethod(MethodInvocationHelper.java:124)
at org.testng.internal.Invoker.invokeMethod(Invoker.java:580)
at org.testng.internal.Invoker.invokeTestMethod(Invoker.java:716)
at org.testng.internal.Invoker.invokeTestMethods(Invoker.java:988)
at org.testng.internal.TestMethodWorker.invokeTestMethods(TestMethodWorker.java:125)
at org.testng.internal.TestMethodWorker.run(TestMethodWorker.java:109)
at org.testng.TestRunner.privateRun(TestRunner.java:648)
at org.testng.TestRunner.run(TestRunner.java:505)
at org.testng.SuiteRunner.runTest(SuiteRunner.java:455)
at org.testng.SuiteRunner.runSequentially(SuiteRunner.java:450)
at org.testng.SuiteRunner.privateRun(SuiteRunner.java:415)
at org.testng.SuiteRunner.run(SuiteRunner.java:364)
at org.testng.SuiteRunnerWorker.runSuite(SuiteRunnerWorker.java:52)
at org.testng.SuiteRunnerWorker.run(SuiteRunnerWorker.java:84)
at org.testng.TestNG.runSuitesSequentially(TestNG.java:1208)
at org.testng.TestNG.runSuitesLocally(TestNG.java:1137)
at org.testng.TestNG.runSuites(TestNG.java:1049)
at org.testng.TestNG.run(TestNG.java:1017)
at org.testng.remote.AbstractRemoteTestNG.run(AbstractRemoteTestNG.java:114)
at org.testng.remote.RemoteTestNG.initAndRun(RemoteTestNG.java:251)
at org.testng.remote.RemoteTestNG.main(RemoteTestNG.java:77)
]]>
    </error>
  </testcase> <!-- c_verifyDashboardVideoWindow -->
  <testcase name="a_verifyDashboardVehicleStatus" time="72.649" classname="com.test.automation.FMSV12_Japan.dashboard.TC107_VerifyingDashboardVehicleStatus"/>
  <testcase name="b_verifyDashboardMapWindow" time="0.797" classname="com.test.automation.FMSV12_Japan.dashboard.TC107_VerifyingDashboardVehicleStatus"/>
  <testcase name="c_verifyDashboardVideoWindow" time="60.412" classname="com.test.automation.FMSV12_Japan.dashboard.TC107_VerifyingDashboardVehicleStatus">
    <error type="org.openqa.selenium.NoSuchElementException" message="no such element: Unable to locate element: {&quot;method&quot;:&quot;css selector&quot;,&quot;selector&quot;:&quot;#tblDSW &gt; tbody &gt; tr.odd &gt; td:nth-child(13) &gt; a&quot;}
  (Session info: chrome=78.0.3904.108)
  (Driver info: chromedriver=2.36.540470 (e522d04694c7ebea4ba8821272dbef4f9b818c91),platform=Windows NT 6.3.9600 x86_64) (WARNING: The server did not provide any stacktrace information)
Command duration or timeout: 0 milliseconds
For documentation on this error, please visit: http://seleniumhq.org/exceptions/no_such_element.html
Build info: version: &#039;3.12.0&#039;, revision: &#039;7c6e0b3&#039;, time: &#039;2018-05-08T14:04:26.12Z&#039;
System info: host: &#039;NAGARJUNA-Y&#039;, ip: &#039;192.168.167.149&#039;, os.name: &#039;Windows 8.1&#039;, os.arch: &#039;amd64&#039;, os.version: &#039;6.3&#039;, java.version: &#039;1.8.0_171&#039;
Driver info: org.openqa.selenium.chrome.ChromeDriver
Capabilities {acceptInsecureCerts: false, acceptSslCerts: false, applicationCacheEnabled: false, browserConnectionEnabled: false, browserName: chrome, chrome: {chromedriverVersion: 2.36.540470 (e522d04694c7eb..., userDataDir: C:\Users\NAGARJ~1\AppData\L...}, cssSelectorsEnabled: true, databaseEnabled: false, handlesAlerts: true, hasTouchScreen: false, javascriptEnabled: true, locationContextEnabled: true, mobileEmulationEnabled: false, nativeEvents: true, networkConnectionEnabled: false, pageLoadStrategy: normal, platform: XP, platformName: XP, rotatable: false, setWindowRect: true, takesHeapSnapshot: true, takesScreenshot: true, unexpectedAlertBehaviour: ignore, unhandledPromptBehavior: ignore, version: 78.0.3904.108, webStorageEnabled: true}
Session ID: 230bed219a04ffdab46a2efd024cf40c
*** Element info: {Using=css selector, value=#tblDSW &gt; tbody &gt; tr.odd &gt; td:nth-child(13) &gt; a}">
      <![CDATA[org.openqa.selenium.NoSuchElementException: no such element: Unable to locate element: {"method":"css selector","selector":"#tblDSW > tbody > tr.odd > td:nth-child(13) > a"}
  (Session info: chrome=78.0.3904.108)
  (Driver info: chromedriver=2.36.540470 (e522d04694c7ebea4ba8821272dbef4f9b818c91),platform=Windows NT 6.3.9600 x86_64) (WARNING: The server did not provide any stacktrace information)
Command duration or timeout: 0 milliseconds
For documentation on this error, please visit: http://seleniumhq.org/exceptions/no_such_element.html
Build info: version: '3.12.0', revision: '7c6e0b3', time: '2018-05-08T14:04:26.12Z'
System info: host: 'NAGARJUNA-Y', ip: '192.168.167.149', os.name: 'Windows 8.1', os.arch: 'amd64', os.version: '6.3', java.version: '1.8.0_171'
Driver info: org.openqa.selenium.chrome.ChromeDriver
Capabilities {acceptInsecureCerts: false, acceptSslCerts: false, applicationCacheEnabled: false, browserConnectionEnabled: false, browserName: chrome, chrome: {chromedriverVersion: 2.36.540470 (e522d04694c7eb..., userDataDir: C:\Users\NAGARJ~1\AppData\L...}, cssSelectorsEnabled: true, databaseEnabled: false, handlesAlerts: true, hasTouchScreen: false, javascriptEnabled: true, locationContextEnabled: true, mobileEmulationEnabled: false, nativeEvents: true, networkConnectionEnabled: false, pageLoadStrategy: normal, platform: XP, platformName: XP, rotatable: false, setWindowRect: true, takesHeapSnapshot: true, takesScreenshot: true, unexpectedAlertBehaviour: ignore, unhandledPromptBehavior: ignore, version: 78.0.3904.108, webStorageEnabled: true}
Session ID: 230bed219a04ffdab46a2efd024cf40c
*** Element info: {Using=css selector, value=#tblDSW > tbody > tr.odd > td:nth-child(13) > a}
at sun.reflect.NativeConstructorAccessorImpl.newInstance0(Native Method)
at sun.reflect.NativeConstructorAccessorImpl.newInstance(Unknown Source)
at sun.reflect.DelegatingConstructorAccessorImpl.newInstance(Unknown Source)
at java.lang.reflect.Constructor.newInstance(Unknown Source)
at org.openqa.selenium.remote.ErrorHandler.createThrowable(ErrorHandler.java:214)
at org.openqa.selenium.remote.ErrorHandler.throwIfResponseFailed(ErrorHandler.java:166)
at org.openqa.selenium.remote.http.JsonHttpResponseCodec.reconstructValue(JsonHttpResponseCodec.java:40)
at org.openqa.selenium.remote.http.AbstractHttpResponseCodec.decode(AbstractHttpResponseCodec.java:80)
at org.openqa.selenium.remote.http.AbstractHttpResponseCodec.decode(AbstractHttpResponseCodec.java:44)
at org.openqa.selenium.remote.HttpCommandExecutor.execute(HttpCommandExecutor.java:158)
at org.openqa.selenium.remote.service.DriverCommandExecutor.execute(DriverCommandExecutor.java:83)
at org.openqa.selenium.remote.RemoteWebDriver.execute(RemoteWebDriver.java:543)
at org.openqa.selenium.remote.RemoteWebDriver.findElement(RemoteWebDriver.java:317)
at org.openqa.selenium.remote.RemoteWebDriver.findElementByCssSelector(RemoteWebDriver.java:411)
at org.openqa.selenium.By$ByCssSelector.findElement(By.java:431)
at org.openqa.selenium.remote.RemoteWebDriver.findElement(RemoteWebDriver.java:309)
at org.openqa.selenium.support.pagefactory.DefaultElementLocator.findElement(DefaultElementLocator.java:69)
at org.openqa.selenium.support.pagefactory.internal.LocatingElementHandler.invoke(LocatingElementHandler.java:38)
at com.sun.proxy.$Proxy22.isEnabled(Unknown Source)
at com.test.automation.FMSV12_Japan.uiActions.DashBoard_VehicleStatus.VerifyLiveVideo(DashBoard_VehicleStatus.java:129)
at com.test.automation.FMSV12_Japan.dashboard.TC107_VerifyingDashboardVehicleStatus.c_verifyDashboardVideoWindow(TC107_VerifyingDashboardVehicleStatus.java:70)
at sun.reflect.NativeMethodAccessorImpl.invoke0(Native Method)
at sun.reflect.NativeMethodAccessorImpl.invoke(Unknown Source)
at sun.reflect.DelegatingMethodAccessorImpl.invoke(Unknown Source)
at java.lang.reflect.Method.invoke(Unknown Source)
at org.testng.internal.MethodInvocationHelper.invokeMethod(MethodInvocationHelper.java:124)
at org.testng.internal.Invoker.invokeMethod(Invoker.java:580)
at org.testng.internal.Invoker.invokeTestMethod(Invoker.java:716)
at org.testng.internal.Invoker.invokeTestMethods(Invoker.java:988)
at org.testng.internal.TestMethodWorker.invokeTestMethods(TestMethodWorker.java:125)
at org.testng.internal.TestMethodWorker.run(TestMethodWorker.java:109)
at org.testng.TestRunner.privateRun(TestRunner.java:648)
at org.testng.TestRunner.run(TestRunner.java:505)
at org.testng.SuiteRunner.runTest(SuiteRunner.java:455)
at org.testng.SuiteRunner.runSequentially(SuiteRunner.java:450)
at org.testng.SuiteRunner.privateRun(SuiteRunner.java:415)
at org.testng.SuiteRunner.run(SuiteRunner.java:364)
at org.testng.SuiteRunnerWorker.runSuite(SuiteRunnerWorker.java:52)
at org.testng.SuiteRunnerWorker.run(SuiteRunnerWorker.java:84)
at org.testng.TestNG.runSuitesSequentially(TestNG.java:1208)
at org.testng.TestNG.runSuitesLocally(TestNG.java:1137)
at org.testng.TestNG.runSuites(TestNG.java:1049)
at org.testng.TestNG.run(TestNG.java:1017)
at org.testng.remote.AbstractRemoteTestNG.run(AbstractRemoteTestNG.java:114)
at org.testng.remote.RemoteTestNG.initAndRun(RemoteTestNG.java:251)
at org.testng.remote.RemoteTestNG.main(RemoteTestNG.java:77)
]]>
    </error>
  </testcase> <!-- c_verifyDashboardVideoWindow -->
  <testcase name="b_verifyDashboardLastStatusWindow" time="0.726" classname="com.test.automation.FMSV12_Japan.dashboard.TC107_VerifyingDashboardVehicleStatus">
    <failure type="java.lang.AssertionError" message="expected [最終ダウンロードステータス] but found [Last Download Status]">
      <![CDATA[java.lang.AssertionError: expected [最終ダウンロードステータス] but found [Last Download Status]
at org.testng.Assert.fail(Assert.java:96)
at org.testng.Assert.failNotEquals(Assert.java:776)
at org.testng.Assert.assertEqualsImpl(Assert.java:137)
at org.testng.Assert.assertEquals(Assert.java:118)
at org.testng.Assert.assertEquals(Assert.java:453)
at org.testng.Assert.assertEquals(Assert.java:463)
at com.test.automation.FMSV12_Japan.uiActions.DashBoard_VehicleStatus.VerifyLastDownloadstatuswindow(DashBoard_VehicleStatus.java:103)
at com.test.automation.FMSV12_Japan.dashboard.TC107_VerifyingDashboardVehicleStatus.b_verifyDashboardLastStatusWindow(TC107_VerifyingDashboardVehicleStatus.java:57)
at sun.reflect.NativeMethodAccessorImpl.invoke0(Native Method)
at sun.reflect.NativeMethodAccessorImpl.invoke(Unknown Source)
at sun.reflect.DelegatingMethodAccessorImpl.invoke(Unknown Source)
at java.lang.reflect.Method.invoke(Unknown Source)
at org.testng.internal.MethodInvocationHelper.invokeMethod(MethodInvocationHelper.java:124)
at org.testng.internal.Invoker.invokeMethod(Invoker.java:580)
at org.testng.internal.Invoker.invokeTestMethod(Invoker.java:716)
at org.testng.internal.Invoker.invokeTestMethods(Invoker.java:988)
at org.testng.internal.TestMethodWorker.invokeTestMethods(TestMethodWorker.java:125)
at org.testng.internal.TestMethodWorker.run(TestMethodWorker.java:109)
at org.testng.TestRunner.privateRun(TestRunner.java:648)
at org.testng.TestRunner.run(TestRunner.java:505)
at org.testng.SuiteRunner.runTest(SuiteRunner.java:455)
at org.testng.SuiteRunner.runSequentially(SuiteRunner.java:450)
at org.testng.SuiteRunner.privateRun(SuiteRunner.java:415)
at org.testng.SuiteRunner.run(SuiteRunner.java:364)
at org.testng.SuiteRunnerWorker.runSuite(SuiteRunnerWorker.java:52)
at org.testng.SuiteRunnerWorker.run(SuiteRunnerWorker.java:84)
at org.testng.TestNG.runSuitesSequentially(TestNG.java:1208)
at org.testng.TestNG.runSuitesLocally(TestNG.java:1137)
at org.testng.TestNG.runSuites(TestNG.java:1049)
at org.testng.TestNG.run(TestNG.java:1017)
at org.testng.remote.AbstractRemoteTestNG.run(AbstractRemoteTestNG.java:114)
at org.testng.remote.RemoteTestNG.initAndRun(RemoteTestNG.java:251)
at org.testng.remote.RemoteTestNG.main(RemoteTestNG.java:77)
]]>
    </failure>
  </testcase> <!-- b_verifyDashboardLastStatusWindow -->
  <testcase name="b_verifyDashboardLastStatusWindow" time="1.388" classname="com.test.automation.FMSV12_Japan.dashboard.TC107_VerifyingDashboardVehicleStatus"/>
  <testcase name="b_verifyDashboardLastStatusWindow" time="1.020" classname="com.test.automation.FMSV12_Japan.dashboard.TC107_VerifyingDashboardVehicleStatus"/>
  <testcase name="a_verifyDashboardVehicleStatus" time="66.182" classname="com.test.automation.FMSV12_Japan.dashboard.TC107_VerifyingDashboardVehicleStatus"/>
</testsuite> <!-- com.test.automation.FMSV12_Japan.dashboard.TC107_VerifyingDashboardVehicleStatus -->
