<?xml version="1.0" encoding="UTF-8"?>
<!-- Generated by org.testng.reporters.JUnitReportReporter -->
<testsuite skipped="0" hostname="Nagarjuna-Y" name="com.test.automation.FMSV12_Japan.dashboard.TC106_VerifyingStateOfVehicle_Moving" tests="3" failures="1" timestamp="13 Nov 2019 11:30:30 GMT" time="1040.625" errors="0">
  <testcase name="movingState" time="307.800" classname="com.test.automation.FMSV12_Japan.dashboard.TC106_VerifyingStateOfVehicle_Moving"/>
  <testcase name="MovingVehiclesReport_VerifyColumnsDropdown" time="732.053" classname="com.test.automation.FMSV12_Japan.dashboard.TC106_VerifyingStateOfVehicle_Moving">
    <failure type="java.lang.AssertionError" message="Lists differ at element [0]: シリアルナンバ !=  expected [シリアルナンバ] but found []">
      <![CDATA[java.lang.AssertionError: Lists differ at element [0]: シリアルナンバ !=  expected [シリアルナンバ] but found []
at org.testng.Assert.fail(Assert.java:96)
at org.testng.Assert.failNotEquals(Assert.java:776)
at org.testng.Assert.assertEqualsImpl(Assert.java:137)
at org.testng.Assert.assertEquals(Assert.java:831)
at org.testng.Assert.assertEquals(Assert.java:796)
at com.test.automation.FMSV12_Japan.dashboard.TC106_VerifyingStateOfVehicle_Moving.MovingVehiclesReport_VerifyColumnsDropdown(TC106_VerifyingStateOfVehicle_Moving.java:151)
at sun.reflect.NativeMethodAccessorImpl.invoke0(Native Method)
at sun.reflect.NativeMethodAccessorImpl.invoke(Unknown Source)
at sun.reflect.DelegatingMethodAccessorImpl.invoke(Unknown Source)
at java.lang.reflect.Method.invoke(Unknown Source)
at org.testng.internal.MethodInvocationHelper.invokeMethod(MethodInvocationHelper.java:124)
at org.testng.internal.Invoker.invokeMethod(Invoker.java:580)
at org.testng.internal.Invoker.invokeTestMethod(Invoker.java:716)
at org.testng.internal.Invoker.invokeTestMethods(Invoker.java:988)
at org.testng.internal.TestMethodWorker.invokeTestMethods(TestMethodWorker.java:125)
at org.testng.internal.TestMethodWorker.run(TestMethodWorker.java:109)
at org.testng.TestRunner.privateRun(TestRunner.java:648)
at org.testng.TestRunner.run(TestRunner.java:505)
at org.testng.SuiteRunner.runTest(SuiteRunner.java:455)
at org.testng.SuiteRunner.runSequentially(SuiteRunner.java:450)
at org.testng.SuiteRunner.privateRun(SuiteRunner.java:415)
at org.testng.SuiteRunner.run(SuiteRunner.java:364)
at org.testng.SuiteRunnerWorker.runSuite(SuiteRunnerWorker.java:52)
at org.testng.SuiteRunnerWorker.run(SuiteRunnerWorker.java:84)
at org.testng.TestNG.runSuitesSequentially(TestNG.java:1208)
at org.testng.TestNG.runSuitesLocally(TestNG.java:1137)
at org.testng.TestNG.runSuites(TestNG.java:1049)
at org.testng.TestNG.run(TestNG.java:1017)
at org.testng.remote.AbstractRemoteTestNG.run(AbstractRemoteTestNG.java:114)
at org.testng.remote.RemoteTestNG.initAndRun(RemoteTestNG.java:251)
at org.testng.remote.RemoteTestNG.main(RemoteTestNG.java:77)
]]>
    </failure>
  </testcase> <!-- MovingVehiclesReport_VerifyColumnsDropdown -->
  <testcase name="MovingVehiclesReport_VerifyRecordsperpageDropdown" time="0.772" classname="com.test.automation.FMSV12_Japan.dashboard.TC106_VerifyingStateOfVehicle_Moving"/>
</testsuite> <!-- com.test.automation.FMSV12_Japan.dashboard.TC106_VerifyingStateOfVehicle_Moving -->
