<html>
<head>
<title>TestNG:  ChromeBrowser</title>
<link href="../testng.css" rel="stylesheet" type="text/css" />
<link href="../my-testng.css" rel="stylesheet" type="text/css" />

<style type="text/css">
.log { display: none;} 
.stack-trace { display: none;} 
</style>
<script type="text/javascript">
<!--
function flip(e) {
  current = e.style.display;
  if (current == 'block') {
    e.style.display = 'none';
    return 0;
  }
  else {
    e.style.display = 'block';
    return 1;
  }
}

function toggleBox(szDivId, elem, msg1, msg2)
{
  var res = -1;  if (document.getElementById) {
    res = flip(document.getElementById(szDivId));
  }
  else if (document.all) {
    // this is the way old msie versions work
    res = flip(document.all[szDivId]);
  }
  if(elem) {
    if(res == 0) elem.innerHTML = msg1; else elem.innerHTML = msg2;
  }

}

function toggleAllBoxes() {
  if (document.getElementsByTagName) {
    d = document.getElementsByTagName('div');
    for (i = 0; i < d.length; i++) {
      if (d[i].className == 'log') {
        flip(d[i]);
      }
    }
  }
}

// -->
</script>

</head>
<body>
<h2 align='center'>ChromeBrowser</h2><table border='1' align="center">
<tr>
<td>Tests passed/Failed/Skipped:</td><td>12/1/1</td>
</tr><tr>
<td>Started on:</td><td>Tue Oct 22 13:36:01 IST 2019</td>
</tr>
<tr><td>Total time:</td><td>227 seconds (227172 ms)</td>
</tr><tr>
<td>Included groups:</td><td></td>
</tr><tr>
<td>Excluded groups:</td><td></td>
</tr>
</table><p/>
<small><i>(Hover the method name to see the test class name)</i></small><p/>
<table width='100%' border='1' class='invocation-failed'>
<tr><td colspan='4' align='center'><b>FAILED TESTS</b></td></tr>
<tr><td><b>Test method</b></td>
<td width="30%"><b>Exception</b></td>
<td width="10%"><b>Time (seconds)</b></td>
<td><b>Instance</b></td>
</tr>
<tr>
<td title='com.test.automation.FMSV12_Japan.loginpage.TC012_VerfyingSubmitButtonColorCode.verifySubmitButtonColor_BeforeClick()'><b>verifySubmitButtonColor_BeforeClick</b><br>Test class: com.test.automation.FMSV12_Japan.loginpage.TC012_VerfyingSubmitButtonColorCode<br/>
<a href="#Output-88335763" onClick='toggleBox("Output-88335763", this, "Show output", "Hide output");'>Show output</a>

<a href="#Output-88335763" onClick="toggleAllBoxes();">Show all outputs</a>
<div class='log' id="Output-88335763">
Test is started:verifySubmitButtonColor_BeforeClick<br/>
=========>Started Verifying submit button color<br/>
<a href='C:\Users\nagarjuna\git\FMSV12_Japan\src\main\java\com\test\automation\FMSV12_Japan\failure_screenshots\verifySubmitButtonColor_BeforeClick_22_10_2019_01_36_30.png'> <img src='C:\Users\nagarjuna\git\FMSV12_Japan\src\main\java\com\test\automation\FMSV12_Japan\failure_screenshots\verifySubmitButtonColor_BeforeClick_22_10_2019_01_36_30.png' height='100' width='100'/> </a><br/>
</div>
</td>
<td><div><pre>java.lang.AssertionError: expected [#253a73] but found [#1d943b]
	at com.test.automation.FMSV12_Japan.loginpage.TC012_VerfyingSubmitButtonColorCode.verifySubmitButtonColor_BeforeClick(TC012_VerfyingSubmitButtonColorCode.java:44)
... Removed 31 stack frames</pre></div><a href='#' onClick='toggleBox("stack-trace88335763", this, "Click to show all stack frames", "Click to hide stack frames")'>Click to show all stack frames</a>
<div class='stack-trace' id='stack-trace88335763'><pre>java.lang.AssertionError: expected [#253a73] but found [#1d943b]
	at org.testng.Assert.fail(Assert.java:96)
	at org.testng.Assert.failNotEquals(Assert.java:776)
	at org.testng.Assert.assertEqualsImpl(Assert.java:137)
	at org.testng.Assert.assertEquals(Assert.java:118)
	at org.testng.Assert.assertEquals(Assert.java:453)
	at org.testng.Assert.assertEquals(Assert.java:463)
	at com.test.automation.FMSV12_Japan.loginpage.TC012_VerfyingSubmitButtonColorCode.verifySubmitButtonColor_BeforeClick(TC012_VerfyingSubmitButtonColorCode.java:44)
	at sun.reflect.NativeMethodAccessorImpl.invoke0(Native Method)
	at sun.reflect.NativeMethodAccessorImpl.invoke(Unknown Source)
	at sun.reflect.DelegatingMethodAccessorImpl.invoke(Unknown Source)
	at java.lang.reflect.Method.invoke(Unknown Source)
	at org.testng.internal.MethodInvocationHelper.invokeMethod(MethodInvocationHelper.java:124)
	at org.testng.internal.Invoker.invokeMethod(Invoker.java:580)
	at org.testng.internal.Invoker.retryFailed(Invoker.java:838)
	at org.testng.internal.Invoker.invokeTestMethods(Invoker.java:1009)
	at org.testng.internal.TestMethodWorker.invokeTestMethods(TestMethodWorker.java:125)
	at org.testng.internal.TestMethodWorker.run(TestMethodWorker.java:109)
	at org.testng.TestRunner.privateRun(TestRunner.java:648)
	at org.testng.TestRunner.run(TestRunner.java:505)
	at org.testng.SuiteRunner.runTest(SuiteRunner.java:455)
	at org.testng.SuiteRunner.runSequentially(SuiteRunner.java:450)
	at org.testng.SuiteRunner.privateRun(SuiteRunner.java:415)
	at org.testng.SuiteRunner.run(SuiteRunner.java:364)
	at org.testng.SuiteRunnerWorker.runSuite(SuiteRunnerWorker.java:52)
	at org.testng.SuiteRunnerWorker.run(SuiteRunnerWorker.java:84)
	at org.testng.TestNG.runSuitesSequentially(TestNG.java:1208)
	at org.testng.TestNG.runSuitesLocally(TestNG.java:1137)
	at org.testng.TestNG.runSuites(TestNG.java:1049)
	at org.testng.TestNG.run(TestNG.java:1017)
	at org.testng.remote.AbstractRemoteTestNG.run(AbstractRemoteTestNG.java:114)
	at org.testng.remote.RemoteTestNG.initAndRun(RemoteTestNG.java:251)
	at org.testng.remote.RemoteTestNG.main(RemoteTestNG.java:77)
</pre></div></td>
<td>0</td>
<td>com.test.automation.FMSV12_Japan.loginpage.TC012_VerfyingSubmitButtonColorCode@4567f35d</td></tr>
</table><p>
<table width='100%' border='1' class='invocation-passed'>
<tr><td colspan='4' align='center'><b>PASSED TESTS</b></td></tr>
<tr><td><b>Test method</b></td>
<td width="30%"><b>Exception</b></td>
<td width="10%"><b>Time (seconds)</b></td>
<td><b>Instance</b></td>
</tr>
<tr>
<td title='com.test.automation.FMSV12_Japan.loginpage.TC012_VerfyingSubmitButtonColorCode.VerifyRememberMe_CheckBox()'><b>VerifyRememberMe_CheckBox</b><br>Test class: com.test.automation.FMSV12_Japan.loginpage.TC012_VerfyingSubmitButtonColorCode<br/>
<a href="#Output-515520300" onClick='toggleBox("Output-515520300", this, "Show output", "Hide output");'>Show output</a>

<a href="#Output-515520300" onClick="toggleAllBoxes();">Show all outputs</a>
<div class='log' id="Output-515520300">
Test is started:VerifyRememberMe_CheckBox<br/>
=========>Started Verifying Remember me check box is checked<br/>
Checked 'Remember Me' checkbox as it is unchecked[[ChromeDriver: chrome on XP (38fcfe60ee368efe9c10a080683566d9)] -> css selector: div[class='checker']]<br/>
=========>Started Verifying Remember me check box is checked<br/>
<a href='C:\Users\nagarjuna\git\FMSV12_Japan\src\main\java\com\test\automation\FMSV12_Japan\failure_screenshots\VerifyRememberMe_CheckBox_22_10_2019_01_36_28.png'> <img src='C:\Users\nagarjuna\git\FMSV12_Japan\src\main\java\com\test\automation\FMSV12_Japan\failure_screenshots\VerifyRememberMe_CheckBox_22_10_2019_01_36_28.png' height='100' width='100'/> </a><br/>
</div>
</td>
<td></td>
<td>0</td>
<td>com.test.automation.FMSV12_Japan.loginpage.TC012_VerfyingSubmitButtonColorCode@4567f35d</td></tr>
<tr>
<td title='com.test.automation.FMSV12_Japan.loginpage.TC013_VerfiyForgotPassword.verifyForgotPassword()'><b>verifyForgotPassword</b><br>Test class: com.test.automation.FMSV12_Japan.loginpage.TC013_VerfiyForgotPassword<br/>
<a href="#Output-1114822863" onClick='toggleBox("Output-1114822863", this, "Show output", "Hide output");'>Show output</a>

<a href="#Output-1114822863" onClick="toggleAllBoxes();">Show all outputs</a>
<div class='log' id="Output-1114822863">
Test is started:verifyForgotPassword<br/>
=========>Started Verifying Remember Me check box<br/>
Clicked on forgot password hyper link id====>>[[ChromeDriver: chrome on XP (bad9c58a8a374c940e7a0ff039ef7d06)] -> css selector: a[id='forget-password']] and object is[[ChromeDriver: chrome on XP (bad9c58a8a374c940e7a0ff039ef7d06)] -> css selector: a[id='forget-password']]<br/>
Clicked on submit button id====>>[[ChromeDriver: chrome on XP (bad9c58a8a374c940e7a0ff039ef7d06)] -> css selector: body > div.content > form.forget-form > div.form-actions > button.btn.green.pull-right] and object is[[ChromeDriver: chrome on XP (bad9c58a8a374c940e7a0ff039ef7d06)] -> css selector: body > div.content > form.forget-form > div.form-actions > button.btn.green.pull-right]<br/>
=========>Finished Verifying Remember Me check box <br/>
<a href='C:\Users\nagarjuna\git\FMSV12_Japan\src\main\java\com\test\automation\FMSV12_Japan\failure_screenshots\verifyForgotPassword_22_10_2019_01_39_23.png'> <img src='C:\Users\nagarjuna\git\FMSV12_Japan\src\main\java\com\test\automation\FMSV12_Japan\failure_screenshots\verifyForgotPassword_22_10_2019_01_39_23.png' height='100' width='100'/> </a><br/>
</div>
</td>
<td></td>
<td>0</td>
<td>com.test.automation.FMSV12_Japan.loginpage.TC013_VerfiyForgotPassword@4f18837a</td></tr>
<tr>
<td title='com.test.automation.FMSV12_Japan.loginpage.TC013_VerfiyForgotPassword.verifyForgotPasswordwith_InvalidMailId()'><b>verifyForgotPasswordwith_InvalidMailId</b><br>Test class: com.test.automation.FMSV12_Japan.loginpage.TC013_VerfiyForgotPassword<br/>
<a href="#Output-680584313" onClick='toggleBox("Output-680584313", this, "Show output", "Hide output");'>Show output</a>

<a href="#Output-680584313" onClick="toggleAllBoxes();">Show all outputs</a>
<div class='log' id="Output-680584313">
Test is started:verifyForgotPasswordwith_InvalidMailId<br/>
=========>Started Verifying Remember Me check box<br/>
Entered invaid email id====>>[[ChromeDriver: chrome on XP (bad9c58a8a374c940e7a0ff039ef7d06)] -> css selector: input[id='email']] and object is[[ChromeDriver: chrome on XP (bad9c58a8a374c940e7a0ff039ef7d06)] -> css selector: input[id='email']]<br/>
Clicked on submit button id====>>[[ChromeDriver: chrome on XP (bad9c58a8a374c940e7a0ff039ef7d06)] -> css selector: body > div.content > form.forget-form > div.form-actions > button.btn.green.pull-right] and object is[[ChromeDriver: chrome on XP (bad9c58a8a374c940e7a0ff039ef7d06)] -> css selector: body > div.content > form.forget-form > div.form-actions > button.btn.green.pull-right]<br/>
=========>Finished Verifying Remember Me check box <br/>
<a href='C:\Users\nagarjuna\git\FMSV12_Japan\src\main\java\com\test\automation\FMSV12_Japan\failure_screenshots\verifyForgotPasswordwith_InvalidMailId_22_10_2019_01_39_24.png'> <img src='C:\Users\nagarjuna\git\FMSV12_Japan\src\main\java\com\test\automation\FMSV12_Japan\failure_screenshots\verifyForgotPasswordwith_InvalidMailId_22_10_2019_01_39_24.png' height='100' width='100'/> </a><br/>
</div>
</td>
<td></td>
<td>0</td>
<td>com.test.automation.FMSV12_Japan.loginpage.TC013_VerfiyForgotPassword@4f18837a</td></tr>
<tr>
<td title='com.test.automation.FMSV12_Japan.loginpage.TC013_VerfiyForgotPassword.verifyForgotPasswordwith_ValidMailId()'><b>verifyForgotPasswordwith_ValidMailId</b><br>Test class: com.test.automation.FMSV12_Japan.loginpage.TC013_VerfiyForgotPassword<br/>
<a href="#Output-612641678" onClick='toggleBox("Output-612641678", this, "Show output", "Hide output");'>Show output</a>

<a href="#Output-612641678" onClick="toggleAllBoxes();">Show all outputs</a>
<div class='log' id="Output-612641678">
Test is started:verifyForgotPasswordwith_ValidMailId<br/>
=========>Started Verifying Remember Me check box<br/>
Entered invaid email id====>>[[ChromeDriver: chrome on XP (bad9c58a8a374c940e7a0ff039ef7d06)] -> css selector: input[id='email']] and object is[[ChromeDriver: chrome on XP (bad9c58a8a374c940e7a0ff039ef7d06)] -> css selector: input[id='email']]<br/>
Clicked on submit button id====>>[[ChromeDriver: chrome on XP (bad9c58a8a374c940e7a0ff039ef7d06)] -> css selector: body > div.content > form.forget-form > div.form-actions > button.btn.green.pull-right] and object is[[ChromeDriver: chrome on XP (bad9c58a8a374c940e7a0ff039ef7d06)] -> css selector: body > div.content > form.forget-form > div.form-actions > button.btn.green.pull-right]<br/>
=========>Finished Verifying Remember Me check box <br/>
<a href='C:\Users\nagarjuna\git\FMSV12_Japan\src\main\java\com\test\automation\FMSV12_Japan\failure_screenshots\verifyForgotPasswordwith_ValidMailId_22_10_2019_01_39_47.png'> <img src='C:\Users\nagarjuna\git\FMSV12_Japan\src\main\java\com\test\automation\FMSV12_Japan\failure_screenshots\verifyForgotPasswordwith_ValidMailId_22_10_2019_01_39_47.png' height='100' width='100'/> </a><br/>
</div>
</td>
<td></td>
<td>21</td>
<td>com.test.automation.FMSV12_Japan.loginpage.TC013_VerfiyForgotPassword@4f18837a</td></tr>
<tr>
<td title='com.test.automation.FMSV12_Japan.loginpage.TC001_Verifylogin.verifyLogin()'><b>verifyLogin</b><br>Test class: com.test.automation.FMSV12_Japan.loginpage.TC001_Verifylogin<br>Parameters: Demo, , //span[@for='password'], Password is required., y<br/>
<a href="#Output-220689785" onClick='toggleBox("Output-220689785", this, "Show output", "Hide output");'>Show output</a>

<a href="#Output-220689785" onClick="toggleAllBoxes();">Show all outputs</a>
<div class='log' id="Output-220689785">
Test is started:verifyLogin<br/>
=========>Started verify login<br/>
Entered login id====>>Demo and object is[[ChromeDriver: chrome on XP (6d4229e7fb0fc0fa98559a5a8041392b)] -> id: username]<br/>
Entered password====>> and object is[[ChromeDriver: chrome on XP (6d4229e7fb0fc0fa98559a5a8041392b)] -> xpath: //*[@id="password"]]<br/>
Clicked on submit button is[[ChromeDriver: chrome on XP (6d4229e7fb0fc0fa98559a5a8041392b)] -> css selector: button[type='submit']]<br/>
=========>Finished verify login<br/>
<a href='C:\Users\nagarjuna\git\FMSV12_Japan\src\main\java\com\test\automation\FMSV12_Japan\failure_screenshots\verifyLogin_22_10_2019_01_36_58.png'> <img src='C:\Users\nagarjuna\git\FMSV12_Japan\src\main\java\com\test\automation\FMSV12_Japan\failure_screenshots\verifyLogin_22_10_2019_01_36_58.png' height='100' width='100'/> </a><br/>
</div>
</td>
<td></td>
<td>0</td>
<td>com.test.automation.FMSV12_Japan.loginpage.TC001_Verifylogin@5ffead27</td></tr>
<tr>
<td title='com.test.automation.FMSV12_Japan.loginpage.TC001_Verifylogin.verifyLogin()'><b>verifyLogin</b><br>Test class: com.test.automation.FMSV12_Japan.loginpage.TC001_Verifylogin<br>Parameters: , Info@123, //span[@for='username'], Username is required., y<br/>
<a href="#Output-1637411253" onClick='toggleBox("Output-1637411253", this, "Show output", "Hide output");'>Show output</a>

<a href="#Output-1637411253" onClick="toggleAllBoxes();">Show all outputs</a>
<div class='log' id="Output-1637411253">
Test is started:verifyLogin<br/>
=========>Started verify login<br/>
Entered login id====>> and object is[[ChromeDriver: chrome on XP (6d4229e7fb0fc0fa98559a5a8041392b)] -> id: username]<br/>
Entered password====>>Info@123 and object is[[ChromeDriver: chrome on XP (6d4229e7fb0fc0fa98559a5a8041392b)] -> xpath: //*[@id="password"]]<br/>
Clicked on submit button is[[ChromeDriver: chrome on XP (6d4229e7fb0fc0fa98559a5a8041392b)] -> css selector: button[type='submit']]<br/>
=========>Finished verify login<br/>
<a href='C:\Users\nagarjuna\git\FMSV12_Japan\src\main\java\com\test\automation\FMSV12_Japan\failure_screenshots\verifyLogin_22_10_2019_01_36_59.png'> <img src='C:\Users\nagarjuna\git\FMSV12_Japan\src\main\java\com\test\automation\FMSV12_Japan\failure_screenshots\verifyLogin_22_10_2019_01_36_59.png' height='100' width='100'/> </a><br/>
</div>
</td>
<td></td>
<td>0</td>
<td>com.test.automation.FMSV12_Japan.loginpage.TC001_Verifylogin@5ffead27</td></tr>
<tr>
<td title='com.test.automation.FMSV12_Japan.loginpage.TC001_Verifylogin.verifyLogin()'><b>verifyLogin</b><br>Test class: com.test.automation.FMSV12_Japan.loginpage.TC001_Verifylogin<br>Parameters: helloo, ift, //div[@class='alert alert-danger ']/span, Not a valid login!Unauthorized user, y<br/>
<a href="#Output-1032382137" onClick='toggleBox("Output-1032382137", this, "Show output", "Hide output");'>Show output</a>

<a href="#Output-1032382137" onClick="toggleAllBoxes();">Show all outputs</a>
<div class='log' id="Output-1032382137">
Test is started:verifyLogin<br/>
=========>Started verify login<br/>
Entered login id====>>helloo and object is[[ChromeDriver: chrome on XP (6d4229e7fb0fc0fa98559a5a8041392b)] -> id: username]<br/>
Entered password====>>ift and object is[[ChromeDriver: chrome on XP (6d4229e7fb0fc0fa98559a5a8041392b)] -> xpath: //*[@id="password"]]<br/>
Clicked on submit button is[[ChromeDriver: chrome on XP (6d4229e7fb0fc0fa98559a5a8041392b)] -> css selector: button[type='submit']]<br/>
=========>Finished verify login<br/>
<a href='C:\Users\nagarjuna\git\FMSV12_Japan\src\main\java\com\test\automation\FMSV12_Japan\failure_screenshots\verifyLogin_22_10_2019_01_37_22.png'> <img src='C:\Users\nagarjuna\git\FMSV12_Japan\src\main\java\com\test\automation\FMSV12_Japan\failure_screenshots\verifyLogin_22_10_2019_01_37_22.png' height='100' width='100'/> </a><br/>
</div>
</td>
<td></td>
<td>22</td>
<td>com.test.automation.FMSV12_Japan.loginpage.TC001_Verifylogin@5ffead27</td></tr>
<tr>
<td title='com.test.automation.FMSV12_Japan.loginpage.TC001_Verifylogin.verifyLogin()'><b>verifyLogin</b><br>Test class: com.test.automation.FMSV12_Japan.loginpage.TC001_Verifylogin<br>Parameters: meiko, hhh12312, //div[@class='alert alert-danger ']/span, Password is wrong, y<br/>
<a href="#Output-1955991197" onClick='toggleBox("Output-1955991197", this, "Show output", "Hide output");'>Show output</a>

<a href="#Output-1955991197" onClick="toggleAllBoxes();">Show all outputs</a>
<div class='log' id="Output-1955991197">
Test is started:verifyLogin<br/>
=========>Started verify login<br/>
Entered login id====>>meiko and object is[[ChromeDriver: chrome on XP (6d4229e7fb0fc0fa98559a5a8041392b)] -> id: username]<br/>
Entered password====>>hhh12312 and object is[[ChromeDriver: chrome on XP (6d4229e7fb0fc0fa98559a5a8041392b)] -> xpath: //*[@id="password"]]<br/>
Clicked on submit button is[[ChromeDriver: chrome on XP (6d4229e7fb0fc0fa98559a5a8041392b)] -> css selector: button[type='submit']]<br/>
=========>Finished verify login<br/>
<a href='C:\Users\nagarjuna\git\FMSV12_Japan\src\main\java\com\test\automation\FMSV12_Japan\failure_screenshots\verifyLogin_22_10_2019_01_37_45.png'> <img src='C:\Users\nagarjuna\git\FMSV12_Japan\src\main\java\com\test\automation\FMSV12_Japan\failure_screenshots\verifyLogin_22_10_2019_01_37_45.png' height='100' width='100'/> </a><br/>
</div>
</td>
<td></td>
<td>21</td>
<td>com.test.automation.FMSV12_Japan.loginpage.TC001_Verifylogin@5ffead27</td></tr>
<tr>
<td title='com.test.automation.FMSV12_Japan.loginpage.TC001_Verifylogin.verifyLogin()'><b>verifyLogin</b><br>Test class: com.test.automation.FMSV12_Japan.loginpage.TC001_Verifylogin<br>Parameters: ffffg, welcome, //div[@class='alert alert-danger ']/span, Not a valid login!Unauthorized user, y<br/>
<a href="#Output-1288230669" onClick='toggleBox("Output-1288230669", this, "Show output", "Hide output");'>Show output</a>

<a href="#Output-1288230669" onClick="toggleAllBoxes();">Show all outputs</a>
<div class='log' id="Output-1288230669">
Test is started:verifyLogin<br/>
=========>Started verify login<br/>
Entered login id====>>ffffg and object is[[ChromeDriver: chrome on XP (6d4229e7fb0fc0fa98559a5a8041392b)] -> id: username]<br/>
Entered password====>>welcome and object is[[ChromeDriver: chrome on XP (6d4229e7fb0fc0fa98559a5a8041392b)] -> xpath: //*[@id="password"]]<br/>
Clicked on submit button is[[ChromeDriver: chrome on XP (6d4229e7fb0fc0fa98559a5a8041392b)] -> css selector: button[type='submit']]<br/>
=========>Finished verify login<br/>
<a href='C:\Users\nagarjuna\git\FMSV12_Japan\src\main\java\com\test\automation\FMSV12_Japan\failure_screenshots\verifyLogin_22_10_2019_01_38_07.png'> <img src='C:\Users\nagarjuna\git\FMSV12_Japan\src\main\java\com\test\automation\FMSV12_Japan\failure_screenshots\verifyLogin_22_10_2019_01_38_07.png' height='100' width='100'/> </a><br/>
</div>
</td>
<td></td>
<td>21</td>
<td>com.test.automation.FMSV12_Japan.loginpage.TC001_Verifylogin@5ffead27</td></tr>
<tr>
<td title='com.test.automation.FMSV12_Japan.loginpage.TC001_Verifylogin.verifyLogin()'><b>verifyLogin</b><br>Test class: com.test.automation.FMSV12_Japan.loginpage.TC001_Verifylogin<br>Parameters: fp-ifttest, iftt, //div[@class='alert alert-danger ']/span, Not a valid login!Unauthorized user, y<br/>
<a href="#Output-1573356572" onClick='toggleBox("Output-1573356572", this, "Show output", "Hide output");'>Show output</a>

<a href="#Output-1573356572" onClick="toggleAllBoxes();">Show all outputs</a>
<div class='log' id="Output-1573356572">
Test is started:verifyLogin<br/>
=========>Started verify login<br/>
Entered login id====>>fp-ifttest and object is[[ChromeDriver: chrome on XP (6d4229e7fb0fc0fa98559a5a8041392b)] -> id: username]<br/>
Entered password====>>iftt and object is[[ChromeDriver: chrome on XP (6d4229e7fb0fc0fa98559a5a8041392b)] -> xpath: //*[@id="password"]]<br/>
Clicked on submit button is[[ChromeDriver: chrome on XP (6d4229e7fb0fc0fa98559a5a8041392b)] -> css selector: button[type='submit']]<br/>
=========>Finished verify login<br/>
<a href='C:\Users\nagarjuna\git\FMSV12_Japan\src\main\java\com\test\automation\FMSV12_Japan\failure_screenshots\verifyLogin_22_10_2019_01_38_30.png'> <img src='C:\Users\nagarjuna\git\FMSV12_Japan\src\main\java\com\test\automation\FMSV12_Japan\failure_screenshots\verifyLogin_22_10_2019_01_38_30.png' height='100' width='100'/> </a><br/>
</div>
</td>
<td></td>
<td>21</td>
<td>com.test.automation.FMSV12_Japan.loginpage.TC001_Verifylogin@5ffead27</td></tr>
<tr>
<td title='com.test.automation.FMSV12_Japan.loginpage.TC011_VerifyLoginPageMeikoLogo.verifyMeikoLogo()'><b>verifyMeikoLogo</b><br>Test class: com.test.automation.FMSV12_Japan.loginpage.TC011_VerifyLoginPageMeikoLogo<br/>
<a href="#Output-302256620" onClick='toggleBox("Output-302256620", this, "Show output", "Hide output");'>Show output</a>

<a href="#Output-302256620" onClick="toggleAllBoxes();">Show all outputs</a>
<div class='log' id="Output-302256620">
Test is started:verifyMeikoLogo<br/>
=========>Started Verifying Login page Meiko logo<br/>
Checking logo is present or not<br/>
=========>Finished Verifying Login page Meiko logo<br/>
<a href='C:\Users\nagarjuna\git\FMSV12_Japan\src\main\java\com\test\automation\FMSV12_Japan\failure_screenshots\verifyMeikoLogo_22_10_2019_01_38_56.png'> <img src='C:\Users\nagarjuna\git\FMSV12_Japan\src\main\java\com\test\automation\FMSV12_Japan\failure_screenshots\verifyMeikoLogo_22_10_2019_01_38_56.png' height='100' width='100'/> </a><br/>
</div>
</td>
<td></td>
<td>0</td>
<td>com.test.automation.FMSV12_Japan.loginpage.TC011_VerifyLoginPageMeikoLogo@6356695f</td></tr>
<tr>
<td title='com.test.automation.FMSV12_Japan.loginpage.TC012_VerfyingSubmitButtonColorCode.verifySubmitButtonColor_AfterClick()'><b>verifySubmitButtonColor_AfterClick</b><br>Test class: com.test.automation.FMSV12_Japan.loginpage.TC012_VerfyingSubmitButtonColorCode<br/>
<a href="#Output-701681793" onClick='toggleBox("Output-701681793", this, "Show output", "Hide output");'>Show output</a>

<a href="#Output-701681793" onClick="toggleAllBoxes();">Show all outputs</a>
<div class='log' id="Output-701681793">
Test is started:verifySubmitButtonColor_AfterClick<br/>
=========>Started Verifying submit button color<br/>
Entered login id====>>Hello and object is[[ChromeDriver: chrome on XP (38fcfe60ee368efe9c10a080683566d9)] -> id: username]<br/>
Entered password====>> and object is[[ChromeDriver: chrome on XP (38fcfe60ee368efe9c10a080683566d9)] -> xpath: //*[@id="password"]]<br/>
Clicked on submit button is[[ChromeDriver: chrome on XP (38fcfe60ee368efe9c10a080683566d9)] -> css selector: button[type='submit']]<br/>
Verifying submit button color: #1d943b<br/>
=========>Finished Verifying submit button color<br/>
<a href='C:\Users\nagarjuna\git\FMSV12_Japan\src\main\java\com\test\automation\FMSV12_Japan\failure_screenshots\verifySubmitButtonColor_AfterClick_22_10_2019_01_36_29.png'> <img src='C:\Users\nagarjuna\git\FMSV12_Japan\src\main\java\com\test\automation\FMSV12_Japan\failure_screenshots\verifySubmitButtonColor_AfterClick_22_10_2019_01_36_29.png' height='100' width='100'/> </a><br/>
</div>
</td>
<td></td>
<td>0</td>
<td>com.test.automation.FMSV12_Japan.loginpage.TC012_VerfyingSubmitButtonColorCode@4567f35d</td></tr>
</table><p>
<table width='100%' border='1' class='invocation-skipped'>
<tr><td colspan='4' align='center'><b>SKIPPED TESTS</b></td></tr>
<tr><td><b>Test method</b></td>
<td width="30%"><b>Exception</b></td>
<td width="10%"><b>Time (seconds)</b></td>
<td><b>Instance</b></td>
</tr>
<tr>
<td title='com.test.automation.FMSV12_Japan.loginpage.TC012_VerfyingSubmitButtonColorCode.verifySubmitButtonColor_BeforeClick()'><b>verifySubmitButtonColor_BeforeClick</b><br>Test class: com.test.automation.FMSV12_Japan.loginpage.TC012_VerfyingSubmitButtonColorCode<br/>
<a href="#Output-219638321" onClick='toggleBox("Output-219638321", this, "Show output", "Hide output");'>Show output</a>

<a href="#Output-219638321" onClick="toggleAllBoxes();">Show all outputs</a>
<div class='log' id="Output-219638321">
Test is started:verifySubmitButtonColor_BeforeClick<br/>
=========>Started Verifying submit button color<br/>
Retrying testverifySubmitButtonColor_BeforeClickwith status nullfor the1time(s).<br/>
Test is skipped:verifySubmitButtonColor_BeforeClick<br/>
</div>
</td>
<td><div><pre>java.lang.AssertionError: expected [#253a73] but found [#1d943b]
	at com.test.automation.FMSV12_Japan.loginpage.TC012_VerfyingSubmitButtonColorCode.verifySubmitButtonColor_BeforeClick(TC012_VerfyingSubmitButtonColorCode.java:44)
... Removed 31 stack frames</pre></div><a href='#' onClick='toggleBox("stack-trace219638321", this, "Click to show all stack frames", "Click to hide stack frames")'>Click to show all stack frames</a>
<div class='stack-trace' id='stack-trace219638321'><pre>java.lang.AssertionError: expected [#253a73] but found [#1d943b]
	at org.testng.Assert.fail(Assert.java:96)
	at org.testng.Assert.failNotEquals(Assert.java:776)
	at org.testng.Assert.assertEqualsImpl(Assert.java:137)
	at org.testng.Assert.assertEquals(Assert.java:118)
	at org.testng.Assert.assertEquals(Assert.java:453)
	at org.testng.Assert.assertEquals(Assert.java:463)
	at com.test.automation.FMSV12_Japan.loginpage.TC012_VerfyingSubmitButtonColorCode.verifySubmitButtonColor_BeforeClick(TC012_VerfyingSubmitButtonColorCode.java:44)
	at sun.reflect.NativeMethodAccessorImpl.invoke0(Native Method)
	at sun.reflect.NativeMethodAccessorImpl.invoke(Unknown Source)
	at sun.reflect.DelegatingMethodAccessorImpl.invoke(Unknown Source)
	at java.lang.reflect.Method.invoke(Unknown Source)
	at org.testng.internal.MethodInvocationHelper.invokeMethod(MethodInvocationHelper.java:124)
	at org.testng.internal.Invoker.invokeMethod(Invoker.java:580)
	at org.testng.internal.Invoker.invokeTestMethod(Invoker.java:716)
	at org.testng.internal.Invoker.invokeTestMethods(Invoker.java:988)
	at org.testng.internal.TestMethodWorker.invokeTestMethods(TestMethodWorker.java:125)
	at org.testng.internal.TestMethodWorker.run(TestMethodWorker.java:109)
	at org.testng.TestRunner.privateRun(TestRunner.java:648)
	at org.testng.TestRunner.run(TestRunner.java:505)
	at org.testng.SuiteRunner.runTest(SuiteRunner.java:455)
	at org.testng.SuiteRunner.runSequentially(SuiteRunner.java:450)
	at org.testng.SuiteRunner.privateRun(SuiteRunner.java:415)
	at org.testng.SuiteRunner.run(SuiteRunner.java:364)
	at org.testng.SuiteRunnerWorker.runSuite(SuiteRunnerWorker.java:52)
	at org.testng.SuiteRunnerWorker.run(SuiteRunnerWorker.java:84)
	at org.testng.TestNG.runSuitesSequentially(TestNG.java:1208)
	at org.testng.TestNG.runSuitesLocally(TestNG.java:1137)
	at org.testng.TestNG.runSuites(TestNG.java:1049)
	at org.testng.TestNG.run(TestNG.java:1017)
	at org.testng.remote.AbstractRemoteTestNG.run(AbstractRemoteTestNG.java:114)
	at org.testng.remote.RemoteTestNG.initAndRun(RemoteTestNG.java:251)
	at org.testng.remote.RemoteTestNG.main(RemoteTestNG.java:77)
</pre></div></td>
<td>0</td>
<td>com.test.automation.FMSV12_Japan.loginpage.TC012_VerfyingSubmitButtonColorCode@4567f35d</td></tr>
</table><p>
</body>
</html>