<?xml version="1.0" encoding="UTF-8"?>
<!-- Generated by org.testng.reporters.JUnitXMLReporter -->
<testsuite hostname="Nagarjuna-Y" ignored="0" name="ChromeBrowser" tests="8" failures="1" timestamp="21 Jan 2020 05:03:30 GMT" time="2158.384" errors="0">
  <testcase name="verifyActivityOption" time="197.683" classname="com.test.automation.FMSV12_Japan.vehiclereports.TC201_VerifyActivityReport"/>
  <testcase name="verifyIdleOption" time="322.036" classname="com.test.automation.FMSV12_Japan.vehiclereports.TC202_VerifyIdleReport"/>
  <testcase name="verifyActivitySummaryOption" time="196.95" classname="com.test.automation.FMSV12_Japan.vehiclereports.TC203_VerifyActivitySummaryReport"/>
  <testcase name="verifyTotaldistanceOption" time="199.659" classname="com.test.automation.FMSV12_Japan.vehiclereports.TC204_VerifyTotalDistanceReport"/>
  <testcase name="verifyLocationDataOption" time="318.735" classname="com.test.automation.FMSV12_Japan.vehiclereports.TC205_VerifyLocationData"/>
  <testcase name="verifySpeedGraphOption" time="318.509" classname="com.test.automation.FMSV12_Japan.vehiclereports.TC206_VerifySpeedGraph"/>
  <testcase name="verifyVideoStatusOption" time="200.849" classname="com.test.automation.FMSV12_Japan.vehiclereports.TC207_VerifyVideoStatus"/>
  <testcase name="verifyAlertExceptionSummaryOption" time="188.067" classname="com.test.automation.FMSV12_Japan.vehiclereports.TC208_AlertExceptionSummary">
    <failure type="org.openqa.selenium.TimeoutException" message="Expected condition failed: waiting for visibility of Proxy element for: DefaultElementLocator &amp;apos;By.cssSelector: #lnk28 &amp;gt; a&amp;apos; (tried for 20 second(s) with 500 milliseconds interval)">
      <![CDATA[org.openqa.selenium.TimeoutException: Expected condition failed: waiting for visibility of Proxy element for: DefaultElementLocator 'By.cssSelector: #lnk28 > a' (tried for 20 second(s) with 500 milliseconds interval)
at org.openqa.selenium.support.ui.WebDriverWait.timeoutException(WebDriverWait.java:81)
at org.openqa.selenium.support.ui.FluentWait.until(FluentWait.java:271)
at com.test.automation.FMSV12_Japan.testBase.TestBase.expliciteWait(TestBase.java:162)
at com.test.automation.FMSV12_Japan.uiActions.VehicleReports_AlertExpectionSummary.AlertExceptionSummary(VehicleReports_AlertExpectionSummary.java:81)
at com.test.automation.FMSV12_Japan.vehiclereports.TC208_AlertExceptionSummary.verifyAlertExceptionSummaryOption(TC208_AlertExceptionSummary.java:54)
Caused by: org.openqa.selenium.NoSuchElementException: no such element: Unable to locate element: {"method":"css selector","selector":"#lnk28 > a"}
  (Session info: chrome=79.0.3945.117)
  (Driver info: chromedriver=2.36.540470 (e522d04694c7ebea4ba8821272dbef4f9b818c91),platform=Windows NT 6.3.9600 x86_64) (WARNING: The server did not provide any stacktrace information)
Command duration or timeout: 0 milliseconds
For documentation on this error, please visit: http://seleniumhq.org/exceptions/no_such_element.html
Build info: version: '3.12.0', revision: '7c6e0b3', time: '2018-05-08T14:04:26.12Z'
System info: host: 'NAGARJUNA-Y', ip: '192.168.167.149', os.name: 'Windows 8.1', os.arch: 'amd64', os.version: '6.3', java.version: '1.8.0_171'
Driver info: org.openqa.selenium.chrome.ChromeDriver
Capabilities {acceptInsecureCerts: false, acceptSslCerts: false, applicationCacheEnabled: false, browserConnectionEnabled: false, browserName: chrome, chrome: {chromedriverVersion: 2.36.540470 (e522d04694c7eb..., userDataDir: C:\Users\NAGARJ~1\AppData\L...}, cssSelectorsEnabled: true, databaseEnabled: false, handlesAlerts: true, hasTouchScreen: false, javascriptEnabled: true, locationContextEnabled: true, mobileEmulationEnabled: false, nativeEvents: true, networkConnectionEnabled: false, pageLoadStrategy: normal, platform: XP, platformName: XP, rotatable: false, setWindowRect: true, takesHeapSnapshot: true, takesScreenshot: true, unexpectedAlertBehaviour: ignore, unhandledPromptBehavior: ignore, version: 79.0.3945.117, webStorageEnabled: true}
Session ID: 39ce702c8163826952293433c38d3249
*** Element info: {Using=css selector, value=#lnk28 > a}
at org.openqa.selenium.remote.ErrorHandler.createThrowable(ErrorHandler.java:214)
at org.openqa.selenium.remote.ErrorHandler.throwIfResponseFailed(ErrorHandler.java:166)
at org.openqa.selenium.remote.http.JsonHttpResponseCodec.reconstructValue(JsonHttpResponseCodec.java:40)
at org.openqa.selenium.remote.http.AbstractHttpResponseCodec.decode(AbstractHttpResponseCodec.java:80)
at org.openqa.selenium.remote.http.AbstractHttpResponseCodec.decode(AbstractHttpResponseCodec.java:44)
at org.openqa.selenium.remote.HttpCommandExecutor.execute(HttpCommandExecutor.java:158)
at org.openqa.selenium.remote.service.DriverCommandExecutor.execute(DriverCommandExecutor.java:83)
at org.openqa.selenium.remote.RemoteWebDriver.execute(RemoteWebDriver.java:543)
at org.openqa.selenium.remote.RemoteWebDriver.findElement(RemoteWebDriver.java:317)
at org.openqa.selenium.remote.RemoteWebDriver.findElementByCssSelector(RemoteWebDriver.java:411)
at org.openqa.selenium.By$ByCssSelector.findElement(By.java:431)
at org.openqa.selenium.remote.RemoteWebDriver.findElement(RemoteWebDriver.java:309)
at org.openqa.selenium.support.pagefactory.DefaultElementLocator.findElement(DefaultElementLocator.java:69)
at org.openqa.selenium.support.pagefactory.internal.LocatingElementHandler.invoke(LocatingElementHandler.java:38)
at com.sun.proxy.$Proxy22.isDisplayed(Unknown Source)
at org.openqa.selenium.support.ui.ExpectedConditions.elementIfVisible(ExpectedConditions.java:315)
at org.openqa.selenium.support.ui.ExpectedConditions.access$100(ExpectedConditions.java:44)
at org.openqa.selenium.support.ui.ExpectedConditions$10.apply(ExpectedConditions.java:301)
at org.openqa.selenium.support.ui.ExpectedConditions$10.apply(ExpectedConditions.java:298)
at org.openqa.selenium.support.ui.FluentWait.until(FluentWait.java:248)
... 28 more
... Removed 28 stack frames]]>
    </failure>
  </testcase> <!-- verifyAlertExceptionSummaryOption -->
</testsuite> <!-- ChromeBrowser -->
