<?xml version="1.0" encoding="UTF-8"?>
<!-- Generated by org.testng.reporters.JUnitXMLReporter -->
<testsuite hostname="Nagarjuna-Y" ignored="0" name="FirefoxBrowser" tests="31" failures="2" timestamp="19 Nov 2019 10:53:42 GMT" time="2555.801" errors="0">
  <testcase name="verifyLogin" time="0.719" classname="com.test.automation.FMSV12_Japan.loginpage.TC001_Verifylogin"/>
  <testcase name="verifyLogin" time="0.633" classname="com.test.automation.FMSV12_Japan.loginpage.TC001_Verifylogin"/>
  <testcase name="verifyLogin" time="22.361" classname="com.test.automation.FMSV12_Japan.loginpage.TC001_Verifylogin"/>
  <testcase name="verifyLogin" time="22.444" classname="com.test.automation.FMSV12_Japan.loginpage.TC001_Verifylogin"/>
  <testcase name="verifyLogin" time="22.224" classname="com.test.automation.FMSV12_Japan.loginpage.TC001_Verifylogin"/>
  <testcase name="verifyLogin" time="22.084" classname="com.test.automation.FMSV12_Japan.loginpage.TC001_Verifylogin"/>
  <testcase name="verifyLogin" time="22.178" classname="com.test.automation.FMSV12_Japan.loginpage.TC001_Verifylogin"/>
  <testcase name="verifyLogin" time="22.376" classname="com.test.automation.FMSV12_Japan.loginpage.TC001_Verifylogin"/>
  <testcase name="verifyMeikoLogo" time="0.047" classname="com.test.automation.FMSV12_Japan.loginpage.TC002_VerifyLoginPageMeikoLogo"/>
  <testcase name="a_VerifyRememberMe_CheckBox" time="0.297" classname="com.test.automation.FMSV12_Japan.loginpage.TC003_VerfyingSubmitButtonColorCode"/>
  <testcase name="b_verifySubmitButtonColor_BeforeClick" time="0.031" classname="com.test.automation.FMSV12_Japan.loginpage.TC003_VerfyingSubmitButtonColorCode"/>
  <testcase name="a_verifyForgotPassword" time="0.672" classname="com.test.automation.FMSV12_Japan.loginpage.TC004_VerfiyForgotPassword"/>
  <testcase name="b_verifyForgotPasswordwith_InvalidMailId" time="0.508" classname="com.test.automation.FMSV12_Japan.loginpage.TC004_VerfiyForgotPassword"/>
  <testcase name="c_verifyForgotPasswordwith_ValidMailId" time="24.395" classname="com.test.automation.FMSV12_Japan.loginpage.TC004_VerfiyForgotPassword"/>
  <testcase name="verifySubmitButtonColor_AfterClick" time="0.61" classname="com.test.automation.FMSV12_Japan.loginpage.TC005_VerifyingSubmitButtonColorAfterClick"/>
  <testcase name="a_verifyingChangePasswordValidation" time="78.062" classname="com.test.automation.FMSV12_Japan.dashboard.TC101_VerifyUserProfile_ChangePassword"/>
  <testcase name="b_verifyingChangePasswordValidation" time="0.39" classname="com.test.automation.FMSV12_Japan.dashboard.TC101_VerifyUserProfile_ChangePassword"/>
  <testcase name="c_verifyingChangePasswordValidation" time="0.26" classname="com.test.automation.FMSV12_Japan.dashboard.TC101_VerifyUserProfile_ChangePassword"/>
  <testcase name="d_verifyingChangePasswordValidation" time="0.406" classname="com.test.automation.FMSV12_Japan.dashboard.TC101_VerifyUserProfile_ChangePassword"/>
  <testcase name="Verifying_ContactUS_PopWindow" time="71.269" classname="com.test.automation.FMSV12_Japan.dashboard.TC102_VerifyUserprofile_ContactUs"/>
  <testcase name="Verifying_Help_PopWindow" time="70.611" classname="com.test.automation.FMSV12_Japan.dashboard.TC103_VerifyUserProfile_Help"/>
  <testcase name="verifyDashboardLogo" time="72.384" classname="com.test.automation.FMSV12_Japan.dashboard.TC105_VerifyingDashboardLogo"/>
  <testcase name="VerifyManangementDashboardCheckbox" time="68.628" classname="com.test.automation.FMSV12_Japan.dashboard.TC106_VerifyManangementDashboardCheckbox"/>
  <testcase name="masterOption" time="69.067" classname="com.test.automation.FMSV12_Japan.dashboard.TC107_VerifyingVehicleStatusReport"/>
  <testcase name="a_movingState" time="253.81" classname="com.test.automation.FMSV12_Japan.dashboard.TC108_VerifyingStateOfVehicle_Moving"/>
  <testcase name="b_MovingVehiclesReport_VerifyRecordsperpageDropdown" time="0.885" classname="com.test.automation.FMSV12_Japan.dashboard.TC108_VerifyingStateOfVehicle_Moving"/>
  <testcase name="a_stoppedState" time="262.718" classname="com.test.automation.FMSV12_Japan.dashboard.TC109_VerifyStateOfVehicle_Stopped"/>
  <testcase name="b_StoppedVehiclesReport_VerifyRecordsperpageDropdown" time="0.823" classname="com.test.automation.FMSV12_Japan.dashboard.TC109_VerifyStateOfVehicle_Stopped"/>
  <testcase name="a_idleState" time="667.623" classname="com.test.automation.FMSV12_Japan.dashboard.TC110_VerifyStateOfVehicle_Idle">
    <failure type="java.lang.AssertionError" message="Lists differ at element [0]:  印刷 !=  expected [ 印刷] but found []">
      <![CDATA[java.lang.AssertionError: Lists differ at element [0]:  印刷 !=  expected [ 印刷] but found []
at com.test.automation.FMSV12_Japan.dashboard.TC110_VerifyStateOfVehicle_Idle.a_idleState(TC110_VerifyStateOfVehicle_Idle.java:76)
... Removed 30 stack frames]]>
    </failure>
  </testcase> <!-- a_idleState -->
  <testcase name="b_IdleVehiclesReport_VerifyRecordsperpageDropdown" time="60.858" classname="com.test.automation.FMSV12_Japan.dashboard.TC110_VerifyStateOfVehicle_Idle">
    <failure type="java.lang.AssertionError" message="lists don&amp;apos;t have the same size expected [4] but found [0]">
      <![CDATA[java.lang.AssertionError: lists don't have the same size expected [4] but found [0]
at com.test.automation.FMSV12_Japan.dashboard.TC110_VerifyStateOfVehicle_Idle.b_IdleVehiclesReport_VerifyRecordsperpageDropdown(TC110_VerifyStateOfVehicle_Idle.java:110)
... Removed 32 stack frames]]>
    </failure>
  </testcase> <!-- b_IdleVehiclesReport_VerifyRecordsperpageDropdown -->
  <testcase name="VerifyinactiveState" time="252.175" classname="com.test.automation.FMSV12_Japan.dashboard.TC111_VerifyStateOfVehicle_Inactive"/>
</testsuite> <!-- FirefoxBrowser -->
