<!DOCTYPE html PUBLIC "-//W3C//DTD XHTML 1.1//EN" "http://www.w3.org/TR/xhtml11/DTD/xhtml11.dtd">
<html xmlns="http://www.w3.org/1999/xhtml">
<head>
<meta http-equiv="content-type" content="text/html; charset=UTF-8"/>
<title>TestNG Report</title>
<style type="text/css">table {margin-bottom:10px;border-collapse:collapse;empty-cells:show}th,td {border:1px solid #009;padding:.25em .5em}th {vertical-align:bottom}td {vertical-align:top}table a {font-weight:bold}.stripe td {background-color: #E6EBF9}.num {text-align:right}.passedodd td {background-color: #3F3}.passedeven td {background-color: #0A0}.skippedodd td {background-color: #DDD}.skippedeven td {background-color: #CCC}.failedodd td,.attn {background-color: #F33}.failedeven td,.stripe .attn {background-color: #D00}.stacktrace {white-space:pre;font-family:monospace}.totop {font-size:85%;text-align:center;border-bottom:2px solid #000}.invisible {display:none}</style>
</head>
<body>
<table>
<tr><th>Test</th><th># Passed</th><th># Skipped</th><th># Failed</th><th>Time (ms)</th><th>Included Groups</th><th>Excluded Groups</th></tr>
<tr><th colspan="7">Regression suite 1</th></tr>
<tr><td><a href="#t0">ChromeBrowser</a></td><td class="num">1</td><td class="num">0</td><td class="num attn">1</td><td class="num">414,636</td><td></td><td></td></tr>
<tr class="stripe"><td><a href="#t1">FirefoxBrowser</a></td><td class="num">0</td><td class="num">0</td><td class="num">0</td><td class="num">3</td><td></td><td></td></tr>
<tr><td><a href="#t2">IEBrowser</a></td><td class="num">0</td><td class="num">0</td><td class="num">0</td><td class="num">4</td><td></td><td></td></tr>
<tr><th>Total</th><th class="num">1</th><th class="num">0</th><th class="num attn">1</th><th class="num">414,643</th><th colspan="2"></th></tr>
</table>
<table id='summary'><thead><tr><th>Class</th><th>Method</th><th>Start</th><th>Time (ms)</th></tr></thead><tbody><tr><th colspan="4">Regression suite 1</th></tr></tbody><tbody id="t0"><tr><th colspan="4">ChromeBrowser &#8212; failed</th></tr><tr class="failedeven"><td rowspan="1">com.test.automation.FMSV12_Japan.dashboard.TC111_VerifyStateOfVehicle_Inactive</td><td><a href="#m0">InactiveVehiclesReport_VerifyRecordsperpageDropdown</a></td><td rowspan="1">1573715867163</td><td rowspan="1">120110</td></tr><tr><th colspan="4">ChromeBrowser &#8212; passed</th></tr><tr class="passedeven"><td rowspan="1">com.test.automation.FMSV12_Japan.dashboard.TC111_VerifyStateOfVehicle_Inactive</td><td><a href="#m1">inactiveState</a></td><td rowspan="1">1573715602238</td><td rowspan="1">264170</td></tr></tbody>
<tbody id="t1"><tr><th colspan="4" class="invisible"/></tr></tbody>
<tbody id="t2"><tr><th colspan="4" class="invisible"/></tr></tbody>
</table>
<h2>ChromeBrowser</h2><h3 id="m0">com.test.automation.FMSV12_Japan.dashboard.TC111_VerifyStateOfVehicle_Inactive#InactiveVehiclesReport_VerifyRecordsperpageDropdown</h3><table class="result"><tr><th>Messages</th></tr><tr><td><div class="messages">Test is started:InactiveVehiclesReport_VerifyRecordsperpageDropdown<br/>=========>Started Verifying Records per page Dropdown options<br/><a href='C:\Users\nagarjuna\git\MDVR_Meiko\FMSV12_Japan\src\main\java\com\test\automation\FMSV12_Japan\failure_screenshots\InactiveVehiclesReport_VerifyRecordsperpageDropdown_14_11_2019_12_49_47.png'> <img src='C:\Users\nagarjuna\git\MDVR_Meiko\FMSV12_Japan\src\main\java\com\test\automation\FMSV12_Japan\failure_screenshots\InactiveVehiclesReport_VerifyRecordsperpageDropdown_14_11_2019_12_49_47.png' height='100' width='100'/> </a></div></td></tr><tr><th>Exception</th></tr><tr><td><div class="stacktrace">org.openqa.selenium.TimeoutException: Expected condition failed: waiting for visibility of Proxy element for: DefaultElementLocator &apos;By.xpath: //*[@id=&apos;s2id_autogen11&apos;]/a/span[2]&apos; (tried for 20 second(s) with 500 milliseconds interval)
	at org.openqa.selenium.support.ui.WebDriverWait.timeoutException(WebDriverWait.java:81)
	at org.openqa.selenium.support.ui.FluentWait.until(FluentWait.java:271)
	at com.test.automation.FMSV12_Japan.testBase.TestBase.expliciteWait(TestBase.java:152)
	at com.test.automation.FMSV12_Japan.uiActions.DashBoard_StateOfVehicle.verifyRecordesPerPage_dropdown(DashBoard_StateOfVehicle.java:187)
	at com.test.automation.FMSV12_Japan.dashboard.TC111_VerifyStateOfVehicle_Inactive.InactiveVehiclesReport_VerifyRecordsperpageDropdown(TC111_VerifyStateOfVehicle_Inactive.java:110)
Caused by: org.openqa.selenium.NoSuchElementException: no such element: Unable to locate element: {&quot;method&quot;:&quot;xpath&quot;,&quot;selector&quot;:&quot;//*[@id=&apos;s2id_autogen11&apos;]/a/span[2]&quot;}
  (Session info: chrome=78.0.3904.97)
  (Driver info: chromedriver=2.36.540470 (e522d04694c7ebea4ba8821272dbef4f9b818c91),platform=Windows NT 6.3.9600 x86_64) (WARNING: The server did not provide any stacktrace information)
Command duration or timeout: 0 milliseconds
For documentation on this error, please visit: http://seleniumhq.org/exceptions/no_such_element.html
Build info: version: &apos;3.12.0&apos;, revision: &apos;7c6e0b3&apos;, time: &apos;2018-05-08T14:04:26.12Z&apos;
System info: host: &apos;NAGARJUNA-Y&apos;, ip: &apos;192.168.167.149&apos;, os.name: &apos;Windows 8.1&apos;, os.arch: &apos;amd64&apos;, os.version: &apos;6.3&apos;, java.version: &apos;1.8.0_171&apos;
Driver info: org.openqa.selenium.chrome.ChromeDriver
Capabilities {acceptInsecureCerts: false, acceptSslCerts: false, applicationCacheEnabled: false, browserConnectionEnabled: false, browserName: chrome, chrome: {chromedriverVersion: 2.36.540470 (e522d04694c7eb..., userDataDir: C:\Users\NAGARJ~1\AppData\L...}, cssSelectorsEnabled: true, databaseEnabled: false, handlesAlerts: true, hasTouchScreen: false, javascriptEnabled: true, locationContextEnabled: true, mobileEmulationEnabled: false, nativeEvents: true, networkConnectionEnabled: false, pageLoadStrategy: normal, platform: XP, platformName: XP, rotatable: false, setWindowRect: true, takesHeapSnapshot: true, takesScreenshot: true, unexpectedAlertBehaviour: ignore, unhandledPromptBehavior: ignore, version: 78.0.3904.97, webStorageEnabled: true}
Session ID: f3458766c015d628b721735ff8d6ab2d
*** Element info: {Using=xpath, value=//*[@id=&apos;s2id_autogen11&apos;]/a/span[2]}
	at org.openqa.selenium.remote.ErrorHandler.createThrowable(ErrorHandler.java:214)
	at org.openqa.selenium.remote.ErrorHandler.throwIfResponseFailed(ErrorHandler.java:166)
	at org.openqa.selenium.remote.http.JsonHttpResponseCodec.reconstructValue(JsonHttpResponseCodec.java:40)
	at org.openqa.selenium.remote.http.AbstractHttpResponseCodec.decode(AbstractHttpResponseCodec.java:80)
	at org.openqa.selenium.remote.http.AbstractHttpResponseCodec.decode(AbstractHttpResponseCodec.java:44)
	at org.openqa.selenium.remote.HttpCommandExecutor.execute(HttpCommandExecutor.java:158)
	at org.openqa.selenium.remote.service.DriverCommandExecutor.execute(DriverCommandExecutor.java:83)
	at org.openqa.selenium.remote.RemoteWebDriver.execute(RemoteWebDriver.java:543)
	at org.openqa.selenium.remote.RemoteWebDriver.findElement(RemoteWebDriver.java:317)
	at org.openqa.selenium.remote.RemoteWebDriver.findElementByXPath(RemoteWebDriver.java:419)
	at org.openqa.selenium.By$ByXPath.findElement(By.java:353)
	at org.openqa.selenium.remote.RemoteWebDriver.findElement(RemoteWebDriver.java:309)
	at org.openqa.selenium.support.pagefactory.DefaultElementLocator.findElement(DefaultElementLocator.java:69)
	at org.openqa.selenium.support.pagefactory.internal.LocatingElementHandler.invoke(LocatingElementHandler.java:38)
	at com.sun.proxy.$Proxy22.isDisplayed(Unknown Source)
	at org.openqa.selenium.support.ui.ExpectedConditions.elementIfVisible(ExpectedConditions.java:315)
	at org.openqa.selenium.support.ui.ExpectedConditions.access$100(ExpectedConditions.java:44)
	at org.openqa.selenium.support.ui.ExpectedConditions$10.apply(ExpectedConditions.java:301)
	at org.openqa.selenium.support.ui.ExpectedConditions$10.apply(ExpectedConditions.java:298)
	at org.openqa.selenium.support.ui.FluentWait.until(FluentWait.java:248)
	... 28 more
... Removed 29 stack frames</div></td></tr></table><p class="totop"><a href="#summary">back to summary</a></p>
<h3 id="m1">com.test.automation.FMSV12_Japan.dashboard.TC111_VerifyStateOfVehicle_Inactive#inactiveState</h3><table class="result"><tr class="param"><th>Parameter #1</th><th>Parameter #2</th><th>Parameter #3</th></tr><tr class="param stripe"><td>Meiko</td><td>welcome</td><td>y</td></tr><tr><th colspan="3">Messages</th></tr><tr><td colspan="3"><div class="messages">Test is started:inactiveState<br/>=========>Started Inactive Vehicles Report<br/>Entered login id====>>Meiko and object is[[ChromeDriver: chrome on XP (f3458766c015d628b721735ff8d6ab2d)] -> xpath: //*[@id='username']]<br/>Entered password====>>welcome and object is[[ChromeDriver: chrome on XP (f3458766c015d628b721735ff8d6ab2d)] -> xpath: //*[@id='password']]<br/>Clicked on submit button isProxy element for: DefaultElementLocator 'By.cssSelector: button[type='submit']'<br/>Clicked on Inactive Vehicles view detail arrow====>>Proxy element for: DefaultElementLocator 'By.xpath: //*[@id='dia']' and object isProxy element for: DefaultElementLocator 'By.xpath: //*[@id='dia']'<br/>Total Number of columns count in a Inactive Vehicles table: 9<br/>Total Number of rows count in a Inactive Vehicles table: 2<br/>=========>Finished Inactive Vehicles Report<br/>=========>Started Verifying Tools dropdown color Code<br/>Verifying Tools dropdown color Code: #4d90fe<br/>=========>Finished Verifying Tools dropdown color Code<br/>=========>Started Tools Dropdown options<br/>Clicked on Tools Dropdown ====>>[[ChromeDriver: chrome on XP (f3458766c015d628b721735ff8d6ab2d)] -> xpath: //*[@id='mainreportsection']/div[1]/div[3]/div[1]/a] and object is[[ChromeDriver: chrome on XP (f3458766c015d628b721735ff8d6ab2d)] -> xpath: //*[@id='mainreportsection']/div[1]/div[3]/div[1]/a]<br/>Verifying Tools dropdown<br/>=========>Finished Tools Dropdown options<br/>=========>Started Verifying back button color Code<br/>Verifying back button color Code: #852b99<br/>=========>Finished Verifying back button color Code<br/>=========>Started Verifying Columns dropdown color Code<br/>Verifying Columns dropdown color Code: #0362fd<br/>=========>Finished Verifying Columns dropdown color Code<br/><a href='C:\Users\nagarjuna\git\MDVR_Meiko\FMSV12_Japan\src\main\java\com\test\automation\FMSV12_Japan\failure_screenshots\inactiveState_14_11_2019_12_47_46.png'> <img src='C:\Users\nagarjuna\git\MDVR_Meiko\FMSV12_Japan\src\main\java\com\test\automation\FMSV12_Japan\failure_screenshots\inactiveState_14_11_2019_12_47_46.png' height='100' width='100'/> </a></div></td></tr></table><p class="totop"><a href="#summary">back to summary</a></p>
<h2>FirefoxBrowser</h2><h2>IEBrowser</h2></body>
</html>
