<?xml version="1.0" encoding="UTF-8"?>
<testng-results skipped="0" failed="1" ignored="0" total="2" passed="1">
  <reporter-output>
    <line>
      <![CDATA[Test is started:inactiveState]]>
    </line>
    <line>
      <![CDATA[=========>Started Inactive Vehicles Report]]>
    </line>
    <line>
      <![CDATA[Entered login id====>>Meiko and object is[[ChromeDriver: chrome on XP (f3458766c015d628b721735ff8d6ab2d)] -> xpath: //*[@id='username']]]]>
    </line>
    <line>
      <![CDATA[Entered password====>>welcome and object is[[ChromeDriver: chrome on XP (f3458766c015d628b721735ff8d6ab2d)] -> xpath: //*[@id='password']]]]>
    </line>
    <line>
      <![CDATA[Clicked on submit button isProxy element for: DefaultElementLocator 'By.cssSelector: button[type='submit']']]>
    </line>
    <line>
      <![CDATA[Clicked on Inactive Vehicles view detail arrow====>>Proxy element for: DefaultElementLocator 'By.xpath: //*[@id='dia']' and object isProxy element for: DefaultElementLocator 'By.xpath: //*[@id='dia']']]>
    </line>
    <line>
      <![CDATA[Total Number of columns count in a Inactive Vehicles table: 9]]>
    </line>
    <line>
      <![CDATA[Total Number of rows count in a Inactive Vehicles table: 2]]>
    </line>
    <line>
      <![CDATA[=========>Finished Inactive Vehicles Report]]>
    </line>
    <line>
      <![CDATA[=========>Started Verifying Tools dropdown color Code]]>
    </line>
    <line>
      <![CDATA[Verifying Tools dropdown color Code: #4d90fe]]>
    </line>
    <line>
      <![CDATA[=========>Finished Verifying Tools dropdown color Code]]>
    </line>
    <line>
      <![CDATA[=========>Started Tools Dropdown options]]>
    </line>
    <line>
      <![CDATA[Clicked on Tools Dropdown ====>>[[ChromeDriver: chrome on XP (f3458766c015d628b721735ff8d6ab2d)] -> xpath: //*[@id='mainreportsection']/div[1]/div[3]/div[1]/a] and object is[[ChromeDriver: chrome on XP (f3458766c015d628b721735ff8d6ab2d)] -> xpath: //*[@id='mainreportsection']/div[1]/div[3]/div[1]/a]]]>
    </line>
    <line>
      <![CDATA[Verifying Tools dropdown]]>
    </line>
    <line>
      <![CDATA[=========>Finished Tools Dropdown options]]>
    </line>
    <line>
      <![CDATA[=========>Started Verifying back button color Code]]>
    </line>
    <line>
      <![CDATA[Verifying back button color Code: #852b99]]>
    </line>
    <line>
      <![CDATA[=========>Finished Verifying back button color Code]]>
    </line>
    <line>
      <![CDATA[=========>Started Verifying Columns dropdown color Code]]>
    </line>
    <line>
      <![CDATA[Verifying Columns dropdown color Code: #0362fd]]>
    </line>
    <line>
      <![CDATA[=========>Finished Verifying Columns dropdown color Code]]>
    </line>
    <line>
      <![CDATA[<a href='C:\Users\nagarjuna\git\MDVR_Meiko\FMSV12_Japan\src\main\java\com\test\automation\FMSV12_Japan\failure_screenshots\inactiveState_14_11_2019_12_47_46.png'> <img src='C:\Users\nagarjuna\git\MDVR_Meiko\FMSV12_Japan\src\main\java\com\test\automation\FMSV12_Japan\failure_screenshots\inactiveState_14_11_2019_12_47_46.png' height='100' width='100'/> </a>]]>
    </line>
    <line>
      <![CDATA[<a href='C:\src\main\java\com\test\automation\FMSV12_Japan\screenshot\Screenshot-14_11_2019_12_47_46.png'><img src='C:\src\main\java\com\test\automation\FMSV12_Japan\screenshot\Screenshot-14_11_2019_12_47_46.png' height='100' width='100'/></a>]]>
    </line>
    <line>
      <![CDATA[Test is started:InactiveVehiclesReport_VerifyRecordsperpageDropdown]]>
    </line>
    <line>
      <![CDATA[=========>Started Verifying Records per page Dropdown options]]>
    </line>
    <line>
      <![CDATA[<a href='C:\Users\nagarjuna\git\MDVR_Meiko\FMSV12_Japan\src\main\java\com\test\automation\FMSV12_Japan\failure_screenshots\InactiveVehiclesReport_VerifyRecordsperpageDropdown_14_11_2019_12_49_47.png'> <img src='C:\Users\nagarjuna\git\MDVR_Meiko\FMSV12_Japan\src\main\java\com\test\automation\FMSV12_Japan\failure_screenshots\InactiveVehiclesReport_VerifyRecordsperpageDropdown_14_11_2019_12_49_47.png' height='100' width='100'/> </a>]]>
    </line>
    <line>
      <![CDATA[<a href='C:\src\main\java\com\test\automation\FMSV12_Japan\screenshot\Screenshot-14_11_2019_12_49_47.png'><img src='C:\src\main\java\com\test\automation\FMSV12_Japan\screenshot\Screenshot-14_11_2019_12_49_47.png' height='100' width='100'/></a>]]>
    </line>
  </reporter-output>
  <suite name="Regression suite 1" duration-ms="414707" started-at="2019-11-14T07:12:54Z" finished-at="2019-11-14T07:19:49Z">
    <groups>
    </groups>
    <test name="ChromeBrowser" duration-ms="414636" started-at="2019-11-14T07:12:54Z" finished-at="2019-11-14T07:19:49Z">
      <class name="com.test.automation.FMSV12_Japan.dashboard.TC111_VerifyStateOfVehicle_Inactive">
        <test-method status="PASS" signature="setUp(java.lang.String)[pri:0, instance:com.test.automation.FMSV12_Japan.dashboard.TC111_VerifyStateOfVehicle_Inactive@6aba2b86]" name="setUp" is-config="true" duration-ms="27099" started-at="2019-11-14T07:12:54Z" finished-at="2019-11-14T07:13:21Z">
          <params>
            <param index="0">
              <value>
                <![CDATA[chrome]]>
              </value>
            </param>
          </params>
          <reporter-output>
          </reporter-output>
        </test-method> <!-- setUp -->
        <test-method status="PASS" signature="beforeMethod(java.lang.reflect.Method)[pri:0, instance:com.test.automation.FMSV12_Japan.dashboard.TC111_VerifyStateOfVehicle_Inactive@6aba2b86]" name="beforeMethod" is-config="true" duration-ms="4" started-at="2019-11-14T07:13:22Z" finished-at="2019-11-14T07:13:22Z">
          <params>
            <param index="0">
              <value>
                <![CDATA[public void com.test.automation.FMSV12_Japan.dashboard.TC111_VerifyStateOfVehicle_Inactive.inactiveState(java.lang.String,java.lang.String,java.lang.String) throws java.lang.Exception]]>
              </value>
            </param>
          </params>
          <reporter-output>
          </reporter-output>
        </test-method> <!-- beforeMethod -->
        <test-method status="PASS" signature="inactiveState(java.lang.String, java.lang.String, java.lang.String)[pri:1, instance:com.test.automation.FMSV12_Japan.dashboard.TC111_VerifyStateOfVehicle_Inactive@6aba2b86]" name="inactiveState" duration-ms="264170" started-at="2019-11-14T07:13:22Z" data-provider="getDataFromExcel" finished-at="2019-11-14T07:17:46Z">
          <params>
            <param index="0">
              <value>
                <![CDATA[Meiko]]>
              </value>
            </param>
            <param index="1">
              <value>
                <![CDATA[welcome]]>
              </value>
            </param>
            <param index="2">
              <value>
                <![CDATA[y]]>
              </value>
            </param>
          </params>
          <reporter-output>
            <line>
              <![CDATA[Test is started:inactiveState]]>
            </line>
            <line>
              <![CDATA[=========>Started Inactive Vehicles Report]]>
            </line>
            <line>
              <![CDATA[Entered login id====>>Meiko and object is[[ChromeDriver: chrome on XP (f3458766c015d628b721735ff8d6ab2d)] -> xpath: //*[@id='username']]]]>
            </line>
            <line>
              <![CDATA[Entered password====>>welcome and object is[[ChromeDriver: chrome on XP (f3458766c015d628b721735ff8d6ab2d)] -> xpath: //*[@id='password']]]]>
            </line>
            <line>
              <![CDATA[Clicked on submit button isProxy element for: DefaultElementLocator 'By.cssSelector: button[type='submit']']]>
            </line>
            <line>
              <![CDATA[Clicked on Inactive Vehicles view detail arrow====>>Proxy element for: DefaultElementLocator 'By.xpath: //*[@id='dia']' and object isProxy element for: DefaultElementLocator 'By.xpath: //*[@id='dia']']]>
            </line>
            <line>
              <![CDATA[Total Number of columns count in a Inactive Vehicles table: 9]]>
            </line>
            <line>
              <![CDATA[Total Number of rows count in a Inactive Vehicles table: 2]]>
            </line>
            <line>
              <![CDATA[=========>Finished Inactive Vehicles Report]]>
            </line>
            <line>
              <![CDATA[=========>Started Verifying Tools dropdown color Code]]>
            </line>
            <line>
              <![CDATA[Verifying Tools dropdown color Code: #4d90fe]]>
            </line>
            <line>
              <![CDATA[=========>Finished Verifying Tools dropdown color Code]]>
            </line>
            <line>
              <![CDATA[=========>Started Tools Dropdown options]]>
            </line>
            <line>
              <![CDATA[Clicked on Tools Dropdown ====>>[[ChromeDriver: chrome on XP (f3458766c015d628b721735ff8d6ab2d)] -> xpath: //*[@id='mainreportsection']/div[1]/div[3]/div[1]/a] and object is[[ChromeDriver: chrome on XP (f3458766c015d628b721735ff8d6ab2d)] -> xpath: //*[@id='mainreportsection']/div[1]/div[3]/div[1]/a]]]>
            </line>
            <line>
              <![CDATA[Verifying Tools dropdown]]>
            </line>
            <line>
              <![CDATA[=========>Finished Tools Dropdown options]]>
            </line>
            <line>
              <![CDATA[=========>Started Verifying back button color Code]]>
            </line>
            <line>
              <![CDATA[Verifying back button color Code: #852b99]]>
            </line>
            <line>
              <![CDATA[=========>Finished Verifying back button color Code]]>
            </line>
            <line>
              <![CDATA[=========>Started Verifying Columns dropdown color Code]]>
            </line>
            <line>
              <![CDATA[Verifying Columns dropdown color Code: #0362fd]]>
            </line>
            <line>
              <![CDATA[=========>Finished Verifying Columns dropdown color Code]]>
            </line>
            <line>
              <![CDATA[<a href='C:\Users\nagarjuna\git\MDVR_Meiko\FMSV12_Japan\src\main\java\com\test\automation\FMSV12_Japan\failure_screenshots\inactiveState_14_11_2019_12_47_46.png'> <img src='C:\Users\nagarjuna\git\MDVR_Meiko\FMSV12_Japan\src\main\java\com\test\automation\FMSV12_Japan\failure_screenshots\inactiveState_14_11_2019_12_47_46.png' height='100' width='100'/> </a>]]>
            </line>
          </reporter-output>
        </test-method> <!-- inactiveState -->
        <test-method status="PASS" signature="afterMethod(org.testng.ITestResult)[pri:0, instance:com.test.automation.FMSV12_Japan.dashboard.TC111_VerifyStateOfVehicle_Inactive@6aba2b86]" name="afterMethod" is-config="true" duration-ms="337" started-at="2019-11-14T07:17:46Z" finished-at="2019-11-14T07:17:47Z">
          <params>
            <param index="0">
              <value>
                <![CDATA[[TestResult name=inactiveState status=SUCCESS method=TC111_VerifyStateOfVehicle_Inactive.inactiveState(java.lang.String, java.lang.String, java.lang.String)[pri:1, instance:com.test.automation.FMSV12_Japan.dashboard.TC111_VerifyStateOfVehicle_Inactive@6aba2b86] output=Test is started:inactiveState]]]>
              </value>
            </param>
          </params>
          <reporter-output>
            <line>
              <![CDATA[<a href='C:\src\main\java\com\test\automation\FMSV12_Japan\screenshot\Screenshot-14_11_2019_12_47_46.png'><img src='C:\src\main\java\com\test\automation\FMSV12_Japan\screenshot\Screenshot-14_11_2019_12_47_46.png' height='100' width='100'/></a>]]>
            </line>
          </reporter-output>
        </test-method> <!-- afterMethod -->
        <test-method status="PASS" signature="beforeMethod(java.lang.reflect.Method)[pri:0, instance:com.test.automation.FMSV12_Japan.dashboard.TC111_VerifyStateOfVehicle_Inactive@6aba2b86]" name="beforeMethod" is-config="true" duration-ms="2" started-at="2019-11-14T07:17:47Z" finished-at="2019-11-14T07:17:47Z">
          <params>
            <param index="0">
              <value>
                <![CDATA[public void com.test.automation.FMSV12_Japan.dashboard.TC111_VerifyStateOfVehicle_Inactive.InactiveVehiclesReport_VerifyRecordsperpageDropdown() throws java.lang.Exception]]>
              </value>
            </param>
          </params>
          <reporter-output>
          </reporter-output>
        </test-method> <!-- beforeMethod -->
        <test-method status="FAIL" signature="InactiveVehiclesReport_VerifyRecordsperpageDropdown()[pri:2, instance:com.test.automation.FMSV12_Japan.dashboard.TC111_VerifyStateOfVehicle_Inactive@6aba2b86]" name="InactiveVehiclesReport_VerifyRecordsperpageDropdown" duration-ms="120110" started-at="2019-11-14T07:17:47Z" finished-at="2019-11-14T07:19:47Z">
          <exception class="org.openqa.selenium.TimeoutException">
            <message>
              <![CDATA[Expected condition failed: waiting for visibility of Proxy element for: DefaultElementLocator 'By.xpath: //*[@id='s2id_autogen11']/a/span[2]' (tried for 20 second(s) with 500 milliseconds interval)]]>
            </message>
            <full-stacktrace>
              <![CDATA[org.openqa.selenium.TimeoutException: Expected condition failed: waiting for visibility of Proxy element for: DefaultElementLocator 'By.xpath: //*[@id='s2id_autogen11']/a/span[2]' (tried for 20 second(s) with 500 milliseconds interval)
at org.openqa.selenium.support.ui.WebDriverWait.timeoutException(WebDriverWait.java:81)
at org.openqa.selenium.support.ui.FluentWait.until(FluentWait.java:271)
at com.test.automation.FMSV12_Japan.testBase.TestBase.expliciteWait(TestBase.java:152)
at com.test.automation.FMSV12_Japan.uiActions.DashBoard_StateOfVehicle.verifyRecordesPerPage_dropdown(DashBoard_StateOfVehicle.java:187)
at com.test.automation.FMSV12_Japan.dashboard.TC111_VerifyStateOfVehicle_Inactive.InactiveVehiclesReport_VerifyRecordsperpageDropdown(TC111_VerifyStateOfVehicle_Inactive.java:110)
at sun.reflect.NativeMethodAccessorImpl.invoke0(Native Method)
at sun.reflect.NativeMethodAccessorImpl.invoke(Unknown Source)
at sun.reflect.DelegatingMethodAccessorImpl.invoke(Unknown Source)
at java.lang.reflect.Method.invoke(Unknown Source)
at org.testng.internal.MethodInvocationHelper.invokeMethod(MethodInvocationHelper.java:124)
at org.testng.internal.Invoker.invokeMethod(Invoker.java:580)
at org.testng.internal.Invoker.invokeTestMethod(Invoker.java:716)
at org.testng.internal.Invoker.invokeTestMethods(Invoker.java:988)
at org.testng.internal.TestMethodWorker.invokeTestMethods(TestMethodWorker.java:125)
at org.testng.internal.TestMethodWorker.run(TestMethodWorker.java:109)
at org.testng.TestRunner.privateRun(TestRunner.java:648)
at org.testng.TestRunner.run(TestRunner.java:505)
at org.testng.SuiteRunner.runTest(SuiteRunner.java:455)
at org.testng.SuiteRunner.runSequentially(SuiteRunner.java:450)
at org.testng.SuiteRunner.privateRun(SuiteRunner.java:415)
at org.testng.SuiteRunner.run(SuiteRunner.java:364)
at org.testng.SuiteRunnerWorker.runSuite(SuiteRunnerWorker.java:52)
at org.testng.SuiteRunnerWorker.run(SuiteRunnerWorker.java:84)
at org.testng.TestNG.runSuitesSequentially(TestNG.java:1208)
at org.testng.TestNG.runSuitesLocally(TestNG.java:1137)
at org.testng.TestNG.runSuites(TestNG.java:1049)
at org.testng.TestNG.run(TestNG.java:1017)
at org.testng.remote.AbstractRemoteTestNG.run(AbstractRemoteTestNG.java:114)
at org.testng.remote.RemoteTestNG.initAndRun(RemoteTestNG.java:251)
at org.testng.remote.RemoteTestNG.main(RemoteTestNG.java:77)
Caused by: org.openqa.selenium.NoSuchElementException: no such element: Unable to locate element: {"method":"xpath","selector":"//*[@id='s2id_autogen11']/a/span[2]"}
  (Session info: chrome=78.0.3904.97)
  (Driver info: chromedriver=2.36.540470 (e522d04694c7ebea4ba8821272dbef4f9b818c91),platform=Windows NT 6.3.9600 x86_64) (WARNING: The server did not provide any stacktrace information)
Command duration or timeout: 0 milliseconds
For documentation on this error, please visit: http://seleniumhq.org/exceptions/no_such_element.html
Build info: version: '3.12.0', revision: '7c6e0b3', time: '2018-05-08T14:04:26.12Z'
System info: host: 'NAGARJUNA-Y', ip: '192.168.167.149', os.name: 'Windows 8.1', os.arch: 'amd64', os.version: '6.3', java.version: '1.8.0_171'
Driver info: org.openqa.selenium.chrome.ChromeDriver
Capabilities {acceptInsecureCerts: false, acceptSslCerts: false, applicationCacheEnabled: false, browserConnectionEnabled: false, browserName: chrome, chrome: {chromedriverVersion: 2.36.540470 (e522d04694c7eb..., userDataDir: C:\Users\NAGARJ~1\AppData\L...}, cssSelectorsEnabled: true, databaseEnabled: false, handlesAlerts: true, hasTouchScreen: false, javascriptEnabled: true, locationContextEnabled: true, mobileEmulationEnabled: false, nativeEvents: true, networkConnectionEnabled: false, pageLoadStrategy: normal, platform: XP, platformName: XP, rotatable: false, setWindowRect: true, takesHeapSnapshot: true, takesScreenshot: true, unexpectedAlertBehaviour: ignore, unhandledPromptBehavior: ignore, version: 78.0.3904.97, webStorageEnabled: true}
Session ID: f3458766c015d628b721735ff8d6ab2d
*** Element info: {Using=xpath, value=//*[@id='s2id_autogen11']/a/span[2]}
at sun.reflect.NativeConstructorAccessorImpl.newInstance0(Native Method)
at sun.reflect.NativeConstructorAccessorImpl.newInstance(Unknown Source)
at sun.reflect.DelegatingConstructorAccessorImpl.newInstance(Unknown Source)
at java.lang.reflect.Constructor.newInstance(Unknown Source)
at org.openqa.selenium.remote.ErrorHandler.createThrowable(ErrorHandler.java:214)
at org.openqa.selenium.remote.ErrorHandler.throwIfResponseFailed(ErrorHandler.java:166)
at org.openqa.selenium.remote.http.JsonHttpResponseCodec.reconstructValue(JsonHttpResponseCodec.java:40)
at org.openqa.selenium.remote.http.AbstractHttpResponseCodec.decode(AbstractHttpResponseCodec.java:80)
at org.openqa.selenium.remote.http.AbstractHttpResponseCodec.decode(AbstractHttpResponseCodec.java:44)
at org.openqa.selenium.remote.HttpCommandExecutor.execute(HttpCommandExecutor.java:158)
at org.openqa.selenium.remote.service.DriverCommandExecutor.execute(DriverCommandExecutor.java:83)
at org.openqa.selenium.remote.RemoteWebDriver.execute(RemoteWebDriver.java:543)
at org.openqa.selenium.remote.RemoteWebDriver.findElement(RemoteWebDriver.java:317)
at org.openqa.selenium.remote.RemoteWebDriver.findElementByXPath(RemoteWebDriver.java:419)
at org.openqa.selenium.By$ByXPath.findElement(By.java:353)
at org.openqa.selenium.remote.RemoteWebDriver.findElement(RemoteWebDriver.java:309)
at org.openqa.selenium.support.pagefactory.DefaultElementLocator.findElement(DefaultElementLocator.java:69)
at org.openqa.selenium.support.pagefactory.internal.LocatingElementHandler.invoke(LocatingElementHandler.java:38)
at com.sun.proxy.$Proxy22.isDisplayed(Unknown Source)
at org.openqa.selenium.support.ui.ExpectedConditions.elementIfVisible(ExpectedConditions.java:315)
at org.openqa.selenium.support.ui.ExpectedConditions.access$100(ExpectedConditions.java:44)
at org.openqa.selenium.support.ui.ExpectedConditions$10.apply(ExpectedConditions.java:301)
at org.openqa.selenium.support.ui.ExpectedConditions$10.apply(ExpectedConditions.java:298)
at org.openqa.selenium.support.ui.FluentWait.until(FluentWait.java:248)
... 28 more
]]>
            </full-stacktrace>
          </exception> <!-- org.openqa.selenium.TimeoutException -->
          <reporter-output>
            <line>
              <![CDATA[Test is started:InactiveVehiclesReport_VerifyRecordsperpageDropdown]]>
            </line>
            <line>
              <![CDATA[=========>Started Verifying Records per page Dropdown options]]>
            </line>
            <line>
              <![CDATA[<a href='C:\Users\nagarjuna\git\MDVR_Meiko\FMSV12_Japan\src\main\java\com\test\automation\FMSV12_Japan\failure_screenshots\InactiveVehiclesReport_VerifyRecordsperpageDropdown_14_11_2019_12_49_47.png'> <img src='C:\Users\nagarjuna\git\MDVR_Meiko\FMSV12_Japan\src\main\java\com\test\automation\FMSV12_Japan\failure_screenshots\InactiveVehiclesReport_VerifyRecordsperpageDropdown_14_11_2019_12_49_47.png' height='100' width='100'/> </a>]]>
            </line>
          </reporter-output>
        </test-method> <!-- InactiveVehiclesReport_VerifyRecordsperpageDropdown -->
        <test-method status="PASS" signature="afterMethod(org.testng.ITestResult)[pri:0, instance:com.test.automation.FMSV12_Japan.dashboard.TC111_VerifyStateOfVehicle_Inactive@6aba2b86]" name="afterMethod" is-config="true" duration-ms="347" started-at="2019-11-14T07:19:47Z" finished-at="2019-11-14T07:19:47Z">
          <params>
            <param index="0">
              <value>
                <![CDATA[[TestResult name=InactiveVehiclesReport_VerifyRecordsperpageDropdown status=FAILURE method=TC111_VerifyStateOfVehicle_Inactive.InactiveVehiclesReport_VerifyRecordsperpageDropdown()[pri:2, instance:com.test.automation.FMSV12_Japan.dashboard.TC111_VerifyStateOfVehicle_Inactive@6aba2b86] output=Test is started:InactiveVehiclesReport_VerifyRecordsperpageDropdown]]]>
              </value>
            </param>
          </params>
          <reporter-output>
            <line>
              <![CDATA[<a href='C:\src\main\java\com\test\automation\FMSV12_Japan\screenshot\Screenshot-14_11_2019_12_49_47.png'><img src='C:\src\main\java\com\test\automation\FMSV12_Japan\screenshot\Screenshot-14_11_2019_12_49_47.png' height='100' width='100'/></a>]]>
            </line>
          </reporter-output>
        </test-method> <!-- afterMethod -->
        <test-method status="PASS" signature="endTest()[pri:0, instance:com.test.automation.FMSV12_Japan.dashboard.TC111_VerifyStateOfVehicle_Inactive@6aba2b86]" name="endTest" is-config="true" duration-ms="1051" started-at="2019-11-14T07:19:47Z" finished-at="2019-11-14T07:19:49Z">
          <reporter-output>
          </reporter-output>
        </test-method> <!-- endTest -->
      </class> <!-- com.test.automation.FMSV12_Japan.dashboard.TC111_VerifyStateOfVehicle_Inactive -->
    </test> <!-- ChromeBrowser -->
    <test name="FirefoxBrowser" duration-ms="3" started-at="2019-11-14T07:19:49Z" finished-at="2019-11-14T07:19:49Z">
    </test> <!-- FirefoxBrowser -->
    <test name="IEBrowser" duration-ms="4" started-at="2019-11-14T07:19:49Z" finished-at="2019-11-14T07:19:49Z">
    </test> <!-- IEBrowser -->
  </suite> <!-- Regression suite 1 -->
</testng-results>
